#
# A fatal error has been detected by the Java Runtime Environment:
#
#  EXCEPTION_ACCESS_VIOLATION (0xc0000005) at pc=0x00007ffabd25c3a2, pid=31416, tid=0x0000000000006bd4
#
# JRE version: Java(TM) SE Runtime Environment (8.0_241-b07) (build 1.8.0_241-b07)
# Java VM: Java HotSpot(TM) 64-Bit Server VM (25.241-b07 mixed mode windows-amd64 compressed oops)
# Problematic frame:
# C  [igxelpicd64.dll+0x2bc3a2]
#
# Failed to write core dump. Minidumps are not enabled by default on client versions of Windows
#
# If you would like to submit a bug report, please visit:
#   http://bugreport.java.com/bugreport/crash.jsp
#

---------------  T H R E A D  ---------------

Current thread (0x0000000017147800):  VMThread [stack: 0x00000000181e0000,0x00000000182e0000] [id=27604]

siginfo: ExceptionCode=0xc0000005, reading address 0x0000000000035888

Registers:
RAX=0x000000001aeb09e8, RBX=0x000000001aeb08e0, RCX=0x0000000000000000, RDX=0x00000000fffffff0
RSP=0x00000000182de270, RBP=0x0000000000000000, RSI=0x000000001aeb0eb0, RDI=0x000000001a54e110
R8 =0x0000000000000014, R9 =0x0000000000000000, R10=0x0000000000000000, R11=0x0000000000000246
R12=0x000000001a48a200, R13=0x000000001ae14b10, R14=0x0000000000002400, R15=0x0000000000000016
RIP=0x00007ffabd25c3a2, EFLAGS=0x0000000000010206

Top of Stack: (sp=0x00000000182de270)
0x00000000182de270:   00000000004a6ef0 0000000000000000
0x00000000182de280:   0000000000000000 00007ffba61c7ad4
0x00000000182de290:   0000000000000000 0000000000000000
0x00000000182de2a0:   0000000000000000 0000000000000000
0x00000000182de2b0:   0000000000000012 000000000000242c
0x00000000182de2c0:   0000b8021b0b0000 000000001a48a2d8
0x00000000182de2d0:   0000000000000000 0000000000000000
0x00000000182de2e0:   00000000182de3f0 00007ffabd24bdb7
0x00000000182de2f0:   00000000004a6ef0 000000001a54e110
0x00000000182de300:   0000000000000000 0000000000000000
0x00000000182de310:   000000000000039c 0000000000000000
0x00000000182de320:   0000000000000000 0000000000000000
0x00000000182de330:   0000000000000000 0000000000000000
0x00000000182de340:   0000000000000000 0000000000000000
0x00000000182de350:   0000000000000000 0000000000000000
0x00000000182de360:   0000000000000000 0000000000000000 

Instructions: (pc=0x00007ffabd25c3a2)
0x00007ffabd25c382:   83 74 01 00 00 4a 8d 04 cd 21 00 00 00 49 03 c1
0x00007ffabd25c392:   48 8d 04 c3 48 85 c0 0f 85 4a 01 00 00 49 8b ca
0x00007ffabd25c3a2:   48 3b 8d 88 58 03 00 0f 87 a8 4c 6c 00 48 8d 93
0x00007ffabd25c3b2:   08 01 00 00 4c 39 93 48 06 00 00 0f 85 13 4e 6c 


Register to memory mapping:

RAX=0x000000001aeb09e8 is an unknown value
RBX=0x000000001aeb08e0 is an unknown value
RCX=0x0000000000000000 is an unknown value
RDX=0x00000000fffffff0 is an unallocated location in the heap
RSP=0x00000000182de270 is an unknown value
RBP=0x0000000000000000 is an unknown value
RSI=0x000000001aeb0eb0 is an unknown value
RDI=0x000000001a54e110 is an unknown value
R8 =0x0000000000000014 is an unknown value
R9 =0x0000000000000000 is an unknown value
R10=0x0000000000000000 is an unknown value
R11=0x0000000000000246 is an unknown value
R12=0x000000001a48a200 is an unknown value
R13=0x000000001ae14b10 is an unknown value
R14=0x0000000000002400 is an unknown value
R15=0x0000000000000016 is an unknown value


Stack: [0x00000000181e0000,0x00000000182e0000],  sp=0x00000000182de270,  free space=1016k
Native frames: (J=compiled Java code, j=interpreted, Vv=VM code, C=native code)

VM_Operation (0x0000000021a4f270): Exit, mode: safepoint, requested by thread 0x000000002122a800


---------------  P R O C E S S  ---------------

Java Threads: ( => current thread )
  0x0000000021233800 JavaThread "Thread-0" [_thread_blocked, id=31268, stack(0x0000000021a50000,0x0000000021b50000)]
  0x000000002122a800 JavaThread "SIGINT handler" daemon [_thread_blocked, id=31256, stack(0x0000000021950000,0x0000000021a50000)]
  0x00000000188f7800 JavaThread "Service Thread" daemon [_thread_blocked, id=29748, stack(0x0000000019010000,0x0000000019110000)]
  0x00000000171de800 JavaThread "C1 CompilerThread2" daemon [_thread_blocked, id=30796, stack(0x0000000018f10000,0x0000000019010000)]
  0x000000001885c000 JavaThread "C2 CompilerThread1" daemon [_thread_blocked, id=28796, stack(0x0000000018e10000,0x0000000018f10000)]
  0x000000001885b000 JavaThread "C2 CompilerThread0" daemon [_thread_blocked, id=23836, stack(0x0000000018d10000,0x0000000018e10000)]
  0x00000000171cc800 JavaThread "Monitor Ctrl-Break" daemon [_thread_in_native, id=28688, stack(0x0000000018c10000,0x0000000018d10000)]
  0x0000000017186800 JavaThread "Attach Listener" daemon [_thread_blocked, id=30184, stack(0x0000000018710000,0x0000000018810000)]
  0x0000000017185000 JavaThread "Signal Dispatcher" daemon [_thread_blocked, id=2244, stack(0x0000000018610000,0x0000000018710000)]
  0x000000000273b800 JavaThread "Finalizer" daemon [_thread_blocked, id=27152, stack(0x00000000183e0000,0x00000000184e0000)]
  0x0000000002733000 JavaThread "Reference Handler" daemon [_thread_blocked, id=31316, stack(0x00000000182e0000,0x00000000183e0000)]
  0x000000000227e800 JavaThread "main" [_thread_blocked, id=30068, stack(0x0000000002380000,0x0000000002480000)]

Other Threads:
=>0x0000000017147800 VMThread [stack: 0x00000000181e0000,0x00000000182e0000] [id=27604]

VM state:at safepoint (shutting down)

VM Mutex/Monitor currently owned by a thread:  ([mutex/lock_event])
[0x00000000026403d0] Threads_lock - owner thread: 0x0000000017147800

heap address: 0x0000000083400000, size: 1996 MB, Compressed Oops mode: 32-bit
Narrow klass base: 0x0000000000000000, Narrow klass shift: 3
Compressed class space size: 1073741824 Address: 0x0000000100000000

Heap:
 PSYoungGen      total 37888K, used 9719K [0x00000000d6700000, 0x00000000d9100000, 0x0000000100000000)
  eden space 32768K, 29% used [0x00000000d6700000,0x00000000d707dc68,0x00000000d8700000)
  from space 5120K, 0% used [0x00000000d8c00000,0x00000000d8c00000,0x00000000d9100000)
  to   space 5120K, 0% used [0x00000000d8700000,0x00000000d8700000,0x00000000d8c00000)
 ParOldGen       total 86016K, used 0K [0x0000000083400000, 0x0000000088800000, 0x00000000d6700000)
  object space 86016K, 0% used [0x0000000083400000,0x0000000083400000,0x0000000088800000)
 Metaspace       used 4760K, capacity 5627K, committed 5888K, reserved 1056768K
  class space    used 440K, capacity 456K, committed 512K, reserved 1048576K

Card table byte_map: [0x0000000011b00000,0x0000000011ef0000] byte_map_base: 0x00000000116e6000

Marking Bits: (ParMarkBitMap*) 0x000000006e60be30
 Begin Bits: [0x0000000012590000, 0x00000000144c0000)
 End Bits:   [0x00000000144c0000, 0x00000000163f0000)

Polling page: 0x00000000008d0000

CodeCache: size=245760Kb used=2148Kb max_used=2148Kb free=243611Kb
 bounds [0x0000000002740000, 0x00000000029b0000, 0x0000000011740000]
 total_blobs=807 nmethods=442 adapters=278
 compilation: enabled

Compilation events (10 events):
Event: 0.617 Thread 0x000000001885c000  436       4       org.lwjgl.opengl.GLContext::getCapabilitiesImpl (23 bytes)
Event: 0.618 Thread 0x000000001885c000 nmethod 436 0x0000000002956390 code [0x00000000029564c0, 0x0000000002956558]
Event: 0.624 Thread 0x00000000171de800  438       3       java.nio.DirectByteBuffer::put (126 bytes)
Event: 0.625 Thread 0x00000000171de800 nmethod 438 0x0000000002959dd0 code [0x0000000002959fa0, 0x000000000295a6a8]
Event: 0.625 Thread 0x00000000171de800  439       3       java.nio.Buffer::checkBounds (25 bytes)
Event: 0.625 Thread 0x00000000171de800 nmethod 439 0x0000000002955bd0 code [0x0000000002955d40, 0x0000000002955f48]
Event: 0.631 Thread 0x00000000171de800  440       3       java.io.BufferedWriter::newLine (9 bytes)
Event: 0.631 Thread 0x00000000171de800 nmethod 440 0x0000000002955550 code [0x00000000029556c0, 0x0000000002955a28]
Event: 0.631 Thread 0x00000000171de800  441       3       org.lwjgl.opengl.GL11::glColor3f (24 bytes)
Event: 0.631 Thread 0x00000000171de800 nmethod 441 0x0000000002959010 code [0x0000000002959200, 0x0000000002959958]

GC Heap History (0 events):
No events

Deoptimization events (0 events):
No events

Classes redefined (0 events):
No events

Internal exceptions (2 events):
Event: 0.025 Thread 0x000000000227e800 Exception <a 'java/lang/NoSuchMethodError': Method sun.misc.Unsafe.defineClass(Ljava/lang/String;[BII)Ljava/lang/Class; name or signature does not match> (0x00000000d6707cc0) thrown at [C:\ade\jenkins\workspace\8-2-build-windows-amd64-cygwin\jdk8u241\331\
Event: 0.025 Thread 0x000000000227e800 Exception <a 'java/lang/NoSuchMethodError': Method sun.misc.Unsafe.prefetchRead(Ljava/lang/Object;J)V name or signature does not match> (0x00000000d6707fa8) thrown at [C:\ade\jenkins\workspace\8-2-build-windows-amd64-cygwin\jdk8u241\331\hotspot\src\share\

Events (10 events):
Event: 0.626 loading class sun/misc/Signal$1 done
Event: 0.626 Thread 0x000000002122a800 Thread added: 0x000000002122a800
Event: 0.626 loading class java/util/IdentityHashMap$KeySet
Event: 0.626 loading class java/util/IdentityHashMap$KeySet done
Event: 0.626 loading class java/util/IdentityHashMap$KeyIterator
Event: 0.626 loading class java/util/IdentityHashMap$IdentityHashMapIterator
Event: 0.627 loading class java/util/IdentityHashMap$IdentityHashMapIterator done
Event: 0.627 loading class java/util/IdentityHashMap$KeyIterator done
Event: 0.627 Thread 0x0000000021233800 Thread added: 0x0000000021233800
Event: 0.636 Executing VM operation: Exit


Dynamic libraries:
0x00007ff653be0000 - 0x00007ff653c17000 	C:\Program Files\Java\jdk1.8.0_241\bin\java.exe
0x00007ffba6120000 - 0x00007ffba6329000 	C:\WINDOWS\SYSTEM32\ntdll.dll
0x00007ffba55a0000 - 0x00007ffba565d000 	C:\WINDOWS\System32\KERNEL32.DLL
0x00007ffba3960000 - 0x00007ffba3cdb000 	C:\WINDOWS\System32\KERNELBASE.dll
0x00007ffba5eb0000 - 0x00007ffba5f5e000 	C:\WINDOWS\System32\ADVAPI32.dll
0x00007ffba4cd0000 - 0x00007ffba4d73000 	C:\WINDOWS\System32\msvcrt.dll
0x00007ffba57e0000 - 0x00007ffba587e000 	C:\WINDOWS\System32\sechost.dll
0x00007ffba5660000 - 0x00007ffba5780000 	C:\WINDOWS\System32\RPCRT4.dll
0x00007ffba4410000 - 0x00007ffba45bd000 	C:\WINDOWS\System32\USER32.dll
0x00007ffba3e50000 - 0x00007ffba3e76000 	C:\WINDOWS\System32\win32u.dll
0x00007ffba4240000 - 0x00007ffba4269000 	C:\WINDOWS\System32\GDI32.dll
0x00007ffba3e80000 - 0x00007ffba3f98000 	C:\WINDOWS\System32\gdi32full.dll
0x00007ffba3790000 - 0x00007ffba382d000 	C:\WINDOWS\System32\msvcp_win.dll
0x00007ffba3670000 - 0x00007ffba3781000 	C:\WINDOWS\System32\ucrtbase.dll
0x00007ffb79640000 - 0x00007ffb798e5000 	C:\WINDOWS\WinSxS\amd64_microsoft.windows.common-controls_6595b64144ccf1df_6.0.22000.120_none_9d947278b86cc467\COMCTL32.dll
0x00007ffba57a0000 - 0x00007ffba57d1000 	C:\WINDOWS\System32\IMM32.DLL
0x000000006e690000 - 0x000000006e762000 	C:\Program Files\Java\jdk1.8.0_241\jre\bin\msvcr100.dll
0x000000006dde0000 - 0x000000006e68c000 	C:\Program Files\Java\jdk1.8.0_241\jre\bin\server\jvm.dll
0x00007ffba4620000 - 0x00007ffba4628000 	C:\WINDOWS\System32\PSAPI.DLL
0x00007ffb9f5d0000 - 0x00007ffb9f603000 	C:\WINDOWS\SYSTEM32\WINMM.dll
0x00007ffb9f620000 - 0x00007ffb9f629000 	C:\WINDOWS\SYSTEM32\WSOCK32.dll
0x00007ffb97e60000 - 0x00007ffb97e6a000 	C:\WINDOWS\SYSTEM32\VERSION.dll
0x00007ffba41d0000 - 0x00007ffba423f000 	C:\WINDOWS\System32\WS2_32.dll
0x00007ffb8a680000 - 0x00007ffb8a68f000 	C:\Program Files\Java\jdk1.8.0_241\jre\bin\verify.dll
0x00007ffb732c0000 - 0x00007ffb732e9000 	C:\Program Files\Java\jdk1.8.0_241\jre\bin\java.dll
0x00007ffb73240000 - 0x00007ffb73263000 	C:\Program Files\Java\jdk1.8.0_241\jre\bin\instrument.dll
0x00007ffb85900000 - 0x00007ffb85916000 	C:\Program Files\Java\jdk1.8.0_241\jre\bin\zip.dll
0x00007ffba4de0000 - 0x00007ffba5598000 	C:\WINDOWS\System32\SHELL32.dll
0x00007ffba16c0000 - 0x00007ffba1f25000 	C:\WINDOWS\SYSTEM32\windows.storage.dll
0x00007ffba4650000 - 0x00007ffba49c7000 	C:\WINDOWS\System32\combase.dll
0x00007ffba1550000 - 0x00007ffba16b6000 	C:\WINDOWS\SYSTEM32\wintypes.dll
0x00007ffba4a40000 - 0x00007ffba4b2a000 	C:\WINDOWS\System32\SHCORE.dll
0x00007ffba4d80000 - 0x00007ffba4ddd000 	C:\WINDOWS\System32\shlwapi.dll
0x00007ffba3520000 - 0x00007ffba3541000 	C:\WINDOWS\SYSTEM32\profapi.dll
0x00007ffb49540000 - 0x00007ffb4955a000 	C:\Program Files\JetBrains\IntelliJ IDEA Community Edition 2022.1.1\bin\breakgen64.dll
0x00007ffb48640000 - 0x00007ffb4865a000 	C:\Program Files\Java\jdk1.8.0_241\jre\bin\net.dll
0x00007ffba2af0000 - 0x00007ffba2b57000 	C:\WINDOWS\system32\mswsock.dll
0x0000000180000000 - 0x0000000180053000 	C:\Users\zunf1\Documents\GitHub\MC2D\libs\natives\lwjgl64.dll
0x00007ffb79090000 - 0x00007ffb79191000 	C:\WINDOWS\SYSTEM32\OPENGL32.dll
0x00007ffb79020000 - 0x00007ffb7904d000 	C:\WINDOWS\SYSTEM32\GLU32.dll
0x00007ffba09d0000 - 0x00007ffba0a08000 	C:\WINDOWS\SYSTEM32\dxcore.dll
0x00007ffba0060000 - 0x00007ffba0118000 	C:\WINDOWS\SYSTEM32\mscms.dll
0x00007ffba3200000 - 0x00007ffba324c000 	C:\WINDOWS\SYSTEM32\cfgmgr32.dll
0x00007ffba2ec0000 - 0x00007ffba2ee7000 	C:\WINDOWS\SYSTEM32\bcrypt.dll
0x00007ffba2650000 - 0x00007ffba2668000 	C:\WINDOWS\SYSTEM32\kernel.appcore.dll
0x00007ffba35f0000 - 0x00007ffba366f000 	C:\WINDOWS\System32\bcryptPrimitives.dll
0x00007ffba4270000 - 0x00007ffba4325000 	C:\WINDOWS\System32\clbcatq.dll
0x00007ffb94e80000 - 0x00007ffb94eca000 	C:\Windows\System32\Windows.Internal.Graphics.Display.DisplayColorManagement.dll
0x00007ffba4330000 - 0x00007ffba4406000 	C:\WINDOWS\System32\OLEAUT32.dll
0x00007ffba0870000 - 0x00007ffba091c000 	C:\WINDOWS\system32\uxtheme.dll
0x00007ffba5880000 - 0x00007ffba599d000 	C:\WINDOWS\System32\MSCTF.dll
0x00007ffb78910000 - 0x00007ffb78a3d000 	C:\WINDOWS\SYSTEM32\textinputframework.dll
0x00007ffb9e560000 - 0x00007ffb9e691000 	C:\WINDOWS\SYSTEM32\CoreMessaging.dll
0x00007ffb98df0000 - 0x00007ffb9915d000 	C:\WINDOWS\SYSTEM32\CoreUIComponents.dll
0x00007ffba2d30000 - 0x00007ffba2d3c000 	C:\WINDOWS\SYSTEM32\CRYPTBASE.DLL
0x00007ffb99640000 - 0x00007ffb99684000 	C:\WINDOWS\SYSTEM32\directxdatabasehelper.dll
0x00007ffba2670000 - 0x00007ffba26a4000 	C:\WINDOWS\SYSTEM32\ntmarta.dll
0x00007ffb97570000 - 0x00007ffb976a4000 	C:\Windows\System32\AppXDeploymentClient.dll
0x00007ffb97380000 - 0x00007ffb9756f000 	C:\WINDOWS\SYSTEM32\urlmon.dll
0x00007ffb96870000 - 0x00007ffb96898000 	C:\Windows\System32\srvcli.dll
0x00007ffb970c0000 - 0x00007ffb97373000 	C:\Windows\System32\iertutil.dll
0x00007ffba2290000 - 0x00007ffba229c000 	C:\Windows\System32\netutils.dll
0x00007ffabcfa0000 - 0x00007ffabdf78000 	C:\WINDOWS\System32\DriverStore\FileRepository\iigd_dch.inf_amd64_c529b210005a7e19\igxelpicd64.dll
0x00007ffba4b30000 - 0x00007ffba4cca000 	C:\WINDOWS\System32\ole32.dll
0x00007ffba0b50000 - 0x00007ffba0b7f000 	C:\WINDOWS\system32\dwmapi.dll
0x00007ffba0a10000 - 0x00007ffba0b03000 	C:\WINDOWS\system32\dxgi.dll
0x00007ffacc5b0000 - 0x00007ffacc6ee000 	C:\WINDOWS\System32\DriverStore\FileRepository\iigd_dch.inf_amd64_c529b210005a7e19\igdml64.dll
0x00007ffb94a90000 - 0x00007ffb94e80000 	C:\WINDOWS\System32\DriverStore\FileRepository\iigd_dch.inf_amd64_c529b210005a7e19\igdgmm64.dll
0x00007ffadb700000 - 0x00007ffadb744000 	C:\WINDOWS\SYSTEM32\icm32.dll
0x00007ffb90440000 - 0x00007ffb94a84000 	C:\WINDOWS\System32\DriverStore\FileRepository\iigd_dch.inf_amd64_c529b210005a7e19\igc64.dll
0x00007ffba34c0000 - 0x00007ffba350d000 	C:\WINDOWS\SYSTEM32\powrprof.dll
0x00007ffba34a0000 - 0x00007ffba34b3000 	C:\WINDOWS\SYSTEM32\UMPDC.dll
0x00007ffba10b0000 - 0x00007ffba12d1000 	C:\WINDOWS\SYSTEM32\dbghelp.dll

VM Arguments:
jvm_args: -Djava.library.path=C:\Users\zunf1\Documents\GitHub\MC2D\libs\natives -javaagent:C:\Program Files\JetBrains\IntelliJ IDEA Community Edition 2022.1.1\lib\idea_rt.jar=62781:C:\Program Files\JetBrains\IntelliJ IDEA Community Edition 2022.1.1\bin -Dfile.encoding=UTF-8 
java_command: fr.zunf1x.mc2d.Start
java_class_path (initial): C:\Program Files\Java\jdk1.8.0_241\jre\lib\charsets.jar;C:\Program Files\Java\jdk1.8.0_241\jre\lib\deploy.jar;C:\Program Files\Java\jdk1.8.0_241\jre\lib\ext\access-bridge-64.jar;C:\Program Files\Java\jdk1.8.0_241\jre\lib\ext\cldrdata.jar;C:\Program Files\Java\jdk1.8.0_241\jre\lib\ext\dnsns.jar;C:\Program Files\Java\jdk1.8.0_241\jre\lib\ext\jaccess.jar;C:\Program Files\Java\jdk1.8.0_241\jre\lib\ext\jfxrt.jar;C:\Program Files\Java\jdk1.8.0_241\jre\lib\ext\localedata.jar;C:\Program Files\Java\jdk1.8.0_241\jre\lib\ext\nashorn.jar;C:\Program Files\Java\jdk1.8.0_241\jre\lib\ext\sunec.jar;C:\Program Files\Java\jdk1.8.0_241\jre\lib\ext\sunjce_provider.jar;C:\Program Files\Java\jdk1.8.0_241\jre\lib\ext\sunmscapi.jar;C:\Program Files\Java\jdk1.8.0_241\jre\lib\ext\sunpkcs11.jar;C:\Program Files\Java\jdk1.8.0_241\jre\lib\ext\zipfs.jar;C:\Program Files\Java\jdk1.8.0_241\jre\lib\javaws.jar;C:\Program Files\Java\jdk1.8.0_241\jre\lib\jce.jar;C:\Program Files\Java\jdk1.8.0_241\jre\lib\jfr.jar;C:\Program Files\Java\jdk1.8.0_241\jre\lib\jfxswt.jar;C:\Program Files\Java\jdk1.8.0_241\jre\lib\jsse.jar;C:\Program Files\Java\jdk1.8.0_241\jre\lib\management-agent.jar;C:\Program Files\Java\jdk1.8.0_241\jre\lib\plugin.jar;C:\Program Files\Java\jdk1.8.0_241\jre\lib\resources.jar;C:\Program Files\Java\jdk1.8.0_241\jre\lib\rt.jar;C:\Users\zunf1\Documents\GitHub\MC2D\out\production\MC2D;C:\Users\zunf1\Documents\GitHub\MC2D\libs\lwjgl.jar;C:\Users\zunf1\Documents\GitHub\MC2D\libs\lwjgl_util.jar;C:\Users\zunf1\Documents\GitHub\MC2D\assets;C:\Program Files\JetBrains\IntelliJ IDEA Community Edition 2022.1.1\lib\idea_rt.jar
Launcher Type: SUN_STANDARD

Environment Variables:
JAVA_HOME=C:\Program Files\Java\jdk1.8.0_241
PATH=C:\Program Files (x86)\VMware\VMware Player\bin\;C:\Windows\system32;C:\Windows;C:\Windows\System32\Wbem;C:\Windows\System32\WindowsPowerShell\v1.0\;C:\Windows\System32\OpenSSH\;C:\Program Files\Java\jdk-18.0.1.1\bin;C:\Program Files\Microsoft SQL Server\150\Tools\Binn\;C:\Program Files\Microsoft SQL Server\Client SDK\ODBC\170\Tools\Binn\;C:\Program Files\dotnet\;C:\Program Files\Git\cmd;C:\WINDOWS\system32;C:\WINDOWS;C:\WINDOWS\System32\Wbem;C:\WINDOWS\System32\WindowsPowerShell\v1.0\;C:\WINDOWS\System32\OpenSSH\;C:\Users\zunf1\AppData\Local\Programs\Python\Python310\Scripts\;C:\Users\zunf1\AppData\Local\Programs\Python\Python310\;C:\Users\zunf1\AppData\Local\Microsoft\WindowsApps;C:\Program Files\Java\jdk-18.0.1.1\bin;C:\Program Files\JetBrains\IntelliJ IDEA Community Edition 2022.1.1\bin;;C:\Users\zunf1\AppData\Local\Programs\Microsoft VS Code\bin;C:\Users\zunf1\.dotnet\tools;C:\Users\zunf1\AppData\Local\GitHubDesktop\bin;
USERNAME=ZunF1x
OS=Windows_NT
PROCESSOR_IDENTIFIER=Intel64 Family 6 Model 140 Stepping 1, GenuineIntel



---------------  S Y S T E M  ---------------

OS: Windows 10.0 , 64 bit Build 22000 (10.0.22000.708)

CPU:total 4 (initial active 4) (2 cores per cpu, 2 threads per core) family 6 model 140 stepping 1, cmov, cx8, fxsr, mmx, sse, sse2, sse3, ssse3, sse4.1, sse4.2, popcnt, avx, avx2, aes, clmul, erms, 3dnowpref, lzcnt, ht, tsc, tscinvbit, bmi1, bmi2, adx

Memory: 4k page, physical 8170808k(745780k free), swap 15264008k(2363636k free)

vm_info: Java HotSpot(TM) 64-Bit Server VM (25.241-b07) for windows-amd64 JRE (1.8.0_241-b07), built on Dec 11 2019 10:21:40 by "rejava" with MS VC++ 10.0 (VS2010)

time: Mon Oct 24 18:24:19 2022
timezone: Paris, Madrid (heure d’été)
elapsed time: 1 seconds (0d 0h 0m 1s)

