#
# A fatal error has been detected by the Java Runtime Environment:
#
#  EXCEPTION_ACCESS_VIOLATION (0xc0000005) at pc=0x00007ffab9a0c3a2, pid=45760, tid=0x000000000000b37c
#
# JRE version: Java(TM) SE Runtime Environment (8.0_241-b07) (build 1.8.0_241-b07)
# Java VM: Java HotSpot(TM) 64-Bit Server VM (25.241-b07 mixed mode windows-amd64 compressed oops)
# Problematic frame:
# C  [igxelpicd64.dll+0x2bc3a2]
#
# Failed to write core dump. Minidumps are not enabled by default on client versions of Windows
#
# If you would like to submit a bug report, please visit:
#   http://bugreport.java.com/bugreport/crash.jsp
#

---------------  T H R E A D  ---------------

Current thread (0x0000000017777800):  VMThread [stack: 0x0000000018810000,0x0000000018910000] [id=45948]

siginfo: ExceptionCode=0xc0000005, reading address 0x0000000000035888

Registers:
RAX=0x000000002d348658, RBX=0x000000002d348550, RCX=0x0000000000000000, RDX=0x00000000fffffff0
RSP=0x000000001890e990, RBP=0x0000000000000000, RSI=0x000000002d348b20, RDI=0x000000001b4ef990
R8 =0x0000000000000014, R9 =0x0000000000000000, R10=0x0000000000000000, R11=0x0000000000000246
R12=0x000000001ac1a200, R13=0x000000002d34a620, R14=0x000000000041b600, R15=0x0000000000000016
RIP=0x00007ffab9a0c3a2, EFLAGS=0x0000000000010202

Top of Stack: (sp=0x000000001890e990)
0x000000001890e990:   0000000000ef9520 0000000000000000
0x000000001890e9a0:   0000000000000000 00007ffba61c7ad4
0x000000001890e9b0:   0000000000000000 0000000000000000
0x000000001890e9c0:   0000000000000000 0000000000000000
0x000000001890e9d0:   0000000000000012 000000000041b6e7
0x000000001890e9e0:   0000b80200000000 000000001ac1a2d8
0x000000001890e9f0:   0000000000000000 0000000000000000
0x000000001890ea00:   000000001890eb10 00007ffab99fbdb7
0x000000001890ea10:   0000000000ef9520 000000001b4ef990
0x000000001890ea20:   0000000000000000 0000000000000000
0x000000001890ea30:   000000000453c780 3030303000000000
0x000000001890ea40:   0000000000000000 0000e88bfe0f1c3d
0x000000001890ea50:   0000000002c72960 0000000000000000
0x000000001890ea60:   000000006e5c4370 3030303030383838
0x000000001890ea70:   000000001890eb80 0000e88bfe0f1c0d
0x000000001890ea80:   0000000002c72960 0000000000000000 

Instructions: (pc=0x00007ffab9a0c3a2)
0x00007ffab9a0c382:   83 74 01 00 00 4a 8d 04 cd 21 00 00 00 49 03 c1
0x00007ffab9a0c392:   48 8d 04 c3 48 85 c0 0f 85 4a 01 00 00 49 8b ca
0x00007ffab9a0c3a2:   48 3b 8d 88 58 03 00 0f 87 a8 4c 6c 00 48 8d 93
0x00007ffab9a0c3b2:   08 01 00 00 4c 39 93 48 06 00 00 0f 85 13 4e 6c 


Register to memory mapping:

RAX=0x000000002d348658 is an unknown value
RBX=0x000000002d348550 is an unknown value
RCX=0x0000000000000000 is an unknown value
RDX=0x00000000fffffff0 is an unallocated location in the heap
RSP=0x000000001890e990 is an unknown value
RBP=0x0000000000000000 is an unknown value
RSI=0x000000002d348b20 is an unknown value
RDI=0x000000001b4ef990 is an unknown value
R8 =0x0000000000000014 is an unknown value
R9 =0x0000000000000000 is an unknown value
R10=0x0000000000000000 is an unknown value
R11=0x0000000000000246 is an unknown value
R12=0x000000001ac1a200 is an unknown value
R13=0x000000002d34a620 is an unknown value
R14=0x000000000041b600 is an unknown value
R15=0x0000000000000016 is an unknown value


Stack: [0x0000000018810000,0x0000000018910000],  sp=0x000000001890e990,  free space=1018k
Native frames: (J=compiled Java code, j=interpreted, Vv=VM code, C=native code)

VM_Operation (0x0000000020e2ef90): Exit, mode: safepoint, requested by thread 0x0000000018f44800


---------------  P R O C E S S  ---------------

Java Threads: ( => current thread )
  0x00000000192ce800 JavaThread "Thread-0" [_thread_blocked, id=45904, stack(0x00000000213a0000,0x00000000214a0000)]
  0x0000000018f44800 JavaThread "SIGINT handler" daemon [_thread_blocked, id=46708, stack(0x0000000020d30000,0x0000000020e30000)]
  0x0000000019203800 JavaThread "Java2D Disposer" daemon [_thread_blocked, id=48028, stack(0x0000000022300000,0x0000000022400000)]
  0x0000000019027800 JavaThread "Service Thread" daemon [_thread_blocked, id=34744, stack(0x0000000019740000,0x0000000019840000)]
  0x00000000177fe800 JavaThread "C1 CompilerThread2" daemon [_thread_blocked, id=23028, stack(0x0000000019640000,0x0000000019740000)]
  0x0000000018f8c000 JavaThread "C2 CompilerThread1" daemon [_thread_blocked, id=44580, stack(0x0000000019540000,0x0000000019640000)]
  0x0000000018f8b800 JavaThread "C2 CompilerThread0" daemon [_thread_blocked, id=39656, stack(0x0000000019440000,0x0000000019540000)]
  0x0000000018f49000 JavaThread "Monitor Ctrl-Break" daemon [_thread_in_native, id=45272, stack(0x0000000019340000,0x0000000019440000)]
  0x00000000177b6000 JavaThread "Attach Listener" daemon [_thread_blocked, id=39216, stack(0x0000000018e40000,0x0000000018f40000)]
  0x00000000177b5000 JavaThread "Signal Dispatcher" daemon [_thread_blocked, id=39396, stack(0x0000000018d40000,0x0000000018e40000)]
  0x0000000002d6b800 JavaThread "Finalizer" daemon [_thread_blocked, id=46052, stack(0x0000000018a10000,0x0000000018b10000)]
  0x0000000002d63000 JavaThread "Reference Handler" daemon [_thread_blocked, id=46444, stack(0x0000000018910000,0x0000000018a10000)]
  0x00000000029be800 JavaThread "main" [_thread_blocked, id=44304, stack(0x00000000029c0000,0x0000000002ac0000)]

Other Threads:
=>0x0000000017777800 VMThread [stack: 0x0000000018810000,0x0000000018910000] [id=45948]

VM state:at safepoint (shutting down)

VM Mutex/Monitor currently owned by a thread:  ([mutex/lock_event])
[0x0000000002c70dd0] Threads_lock - owner thread: 0x0000000017777800

heap address: 0x0000000083400000, size: 1996 MB, Compressed Oops mode: 32-bit
Narrow klass base: 0x0000000000000000, Narrow klass shift: 3
Compressed class space size: 1073741824 Address: 0x0000000100000000

Heap:
 PSYoungGen      total 27136K, used 499K [0x00000000d6700000, 0x00000000d8480000, 0x0000000100000000)
  eden space 24064K, 1% used [0x00000000d6700000,0x00000000d6774f58,0x00000000d7e80000)
  from space 3072K, 1% used [0x00000000d8180000,0x00000000d8188000,0x00000000d8480000)
  to   space 3072K, 0% used [0x00000000d7e80000,0x00000000d7e80000,0x00000000d8180000)
 ParOldGen       total 86016K, used 2385K [0x0000000083400000, 0x0000000088800000, 0x00000000d6700000)
  object space 86016K, 2% used [0x0000000083400000,0x00000000836544c0,0x0000000088800000)
 Metaspace       used 7972K, capacity 8135K, committed 8320K, reserved 1056768K
  class space    used 813K, capacity 890K, committed 896K, reserved 1048576K

Card table byte_map: [0x0000000012130000,0x0000000012520000] byte_map_base: 0x0000000011d16000

Marking Bits: (ParMarkBitMap*) 0x000000006e60be30
 Begin Bits: [0x0000000012bc0000, 0x0000000014af0000)
 End Bits:   [0x0000000014af0000, 0x0000000016a20000)

Polling page: 0x0000000002990000

CodeCache: size=245760Kb used=3000Kb max_used=3015Kb free=242759Kb
 bounds [0x0000000002d70000, 0x0000000003070000, 0x0000000011d70000]
 total_blobs=1220 nmethods=780 adapters=353
 compilation: enabled

Compilation events (10 events):
Event: 13.209 Thread 0x0000000018f8b800  776       4       org.lwjgl.opengl.WindowsKeyboard::poll (81 bytes)
Event: 13.211 Thread 0x0000000018f8b800 nmethod 776 0x000000000304ced0 code [0x000000000304d020, 0x000000000304d398]
Event: 13.681 Thread 0x0000000018f8c000  777   !   4       org.lwjgl.input.Keyboard::poll (47 bytes)
Event: 13.687 Thread 0x0000000018f8c000 nmethod 777 0x0000000003058290 code [0x0000000003058460, 0x0000000003058d18]
Event: 14.635 Thread 0x0000000018f8b800  778       4       fr.zunf1x.mc2d.MC2D::render (37 bytes)
Event: 14.650 Thread 0x0000000018f8b800 nmethod 778 0x000000000305ce50 code [0x000000000305d240, 0x000000000305ec40]
Event: 15.321 Thread 0x0000000018f8c000  779   !   4       org.lwjgl.input.Keyboard::isKeyDown (45 bytes)
Event: 15.322 Thread 0x0000000018f8c000 nmethod 779 0x0000000003057d50 code [0x0000000003057ea0, 0x0000000003058138]
Event: 15.809 Thread 0x0000000018f8b800  780       4       org.lwjgl.opengl.Display::update (5 bytes)
Event: 15.818 Thread 0x0000000018f8b800 nmethod 780 0x0000000003064510 code [0x0000000003064740, 0x0000000003065690]

GC Heap History (10 events):
Event: 16.122 GC heap before
{Heap before GC invocations=18 (full 0):
 PSYoungGen      total 26624K, used 26112K [0x00000000d6700000, 0x00000000d8780000, 0x0000000100000000)
  eden space 26112K, 100% used [0x00000000d6700000,0x00000000d8080000,0x00000000d8080000)
  from space 512K, 0% used [0x00000000d8100000,0x00000000d8100000,0x00000000d8180000)
  to   space 3584K, 0% used [0x00000000d8400000,0x00000000d8400000,0x00000000d8780000)
 ParOldGen       total 86016K, used 2385K [0x0000000083400000, 0x0000000088800000, 0x00000000d6700000)
  object space 86016K, 2% used [0x0000000083400000,0x00000000836544c0,0x0000000088800000)
 Metaspace       used 7950K, capacity 8103K, committed 8320K, reserved 1056768K
  class space    used 808K, capacity 858K, committed 896K, reserved 1048576K
Event: 16.122 GC heap after
Heap after GC invocations=18 (full 0):
 PSYoungGen      total 28672K, used 0K [0x00000000d6700000, 0x00000000d8700000, 0x0000000100000000)
  eden space 25600K, 0% used [0x00000000d6700000,0x00000000d6700000,0x00000000d8000000)
  from space 3072K, 0% used [0x00000000d8400000,0x00000000d8400000,0x00000000d8700000)
  to   space 3584K, 0% used [0x00000000d8000000,0x00000000d8000000,0x00000000d8380000)
 ParOldGen       total 86016K, used 2385K [0x0000000083400000, 0x0000000088800000, 0x00000000d6700000)
  object space 86016K, 2% used [0x0000000083400000,0x00000000836544c0,0x0000000088800000)
 Metaspace       used 7950K, capacity 8103K, committed 8320K, reserved 1056768K
  class space    used 808K, capacity 858K, committed 896K, reserved 1048576K
}
Event: 16.574 GC heap before
{Heap before GC invocations=19 (full 0):
 PSYoungGen      total 28672K, used 25600K [0x00000000d6700000, 0x00000000d8700000, 0x0000000100000000)
  eden space 25600K, 100% used [0x00000000d6700000,0x00000000d8000000,0x00000000d8000000)
  from space 3072K, 0% used [0x00000000d8400000,0x00000000d8400000,0x00000000d8700000)
  to   space 3584K, 0% used [0x00000000d8000000,0x00000000d8000000,0x00000000d8380000)
 ParOldGen       total 86016K, used 2385K [0x0000000083400000, 0x0000000088800000, 0x00000000d6700000)
  object space 86016K, 2% used [0x0000000083400000,0x00000000836544c0,0x0000000088800000)
 Metaspace       used 7950K, capacity 8103K, committed 8320K, reserved 1056768K
  class space    used 808K, capacity 858K, committed 896K, reserved 1048576K
Event: 16.575 GC heap after
Heap after GC invocations=19 (full 0):
 PSYoungGen      total 25600K, used 0K [0x00000000d6700000, 0x00000000d8580000, 0x0000000100000000)
  eden space 25088K, 0% used [0x00000000d6700000,0x00000000d6700000,0x00000000d7f80000)
  from space 512K, 0% used [0x00000000d8000000,0x00000000d8000000,0x00000000d8080000)
  to   space 3072K, 0% used [0x00000000d8280000,0x00000000d8280000,0x00000000d8580000)
 ParOldGen       total 86016K, used 2385K [0x0000000083400000, 0x0000000088800000, 0x00000000d6700000)
  object space 86016K, 2% used [0x0000000083400000,0x00000000836544c0,0x0000000088800000)
 Metaspace       used 7950K, capacity 8103K, committed 8320K, reserved 1056768K
  class space    used 808K, capacity 858K, committed 896K, reserved 1048576K
}
Event: 17.149 GC heap before
{Heap before GC invocations=20 (full 0):
 PSYoungGen      total 25600K, used 25088K [0x00000000d6700000, 0x00000000d8580000, 0x0000000100000000)
  eden space 25088K, 100% used [0x00000000d6700000,0x00000000d7f80000,0x00000000d7f80000)
  from space 512K, 0% used [0x00000000d8000000,0x00000000d8000000,0x00000000d8080000)
  to   space 3072K, 0% used [0x00000000d8280000,0x00000000d8280000,0x00000000d8580000)
 ParOldGen       total 86016K, used 2385K [0x0000000083400000, 0x0000000088800000, 0x00000000d6700000)
  object space 86016K, 2% used [0x0000000083400000,0x00000000836544c0,0x0000000088800000)
 Metaspace       used 7950K, capacity 8103K, committed 8320K, reserved 1056768K
  class space    used 808K, capacity 858K, committed 896K, reserved 1048576K
Event: 17.150 GC heap after
Heap after GC invocations=20 (full 0):
 PSYoungGen      total 27136K, used 0K [0x00000000d6700000, 0x00000000d8500000, 0x0000000100000000)
  eden space 24576K, 0% used [0x00000000d6700000,0x00000000d6700000,0x00000000d7f00000)
  from space 2560K, 0% used [0x00000000d8280000,0x00000000d8280000,0x00000000d8500000)
  to   space 3072K, 0% used [0x00000000d7f00000,0x00000000d7f00000,0x00000000d8200000)
 ParOldGen       total 86016K, used 2385K [0x0000000083400000, 0x0000000088800000, 0x00000000d6700000)
  object space 86016K, 2% used [0x0000000083400000,0x00000000836544c0,0x0000000088800000)
 Metaspace       used 7950K, capacity 8103K, committed 8320K, reserved 1056768K
  class space    used 808K, capacity 858K, committed 896K, reserved 1048576K
}
Event: 17.634 GC heap before
{Heap before GC invocations=21 (full 0):
 PSYoungGen      total 27136K, used 24576K [0x00000000d6700000, 0x00000000d8500000, 0x0000000100000000)
  eden space 24576K, 100% used [0x00000000d6700000,0x00000000d7f00000,0x00000000d7f00000)
  from space 2560K, 0% used [0x00000000d8280000,0x00000000d8280000,0x00000000d8500000)
  to   space 3072K, 0% used [0x00000000d7f00000,0x00000000d7f00000,0x00000000d8200000)
 ParOldGen       total 86016K, used 2385K [0x0000000083400000, 0x0000000088800000, 0x00000000d6700000)
  object space 86016K, 2% used [0x0000000083400000,0x00000000836544c0,0x0000000088800000)
 Metaspace       used 7950K, capacity 8103K, committed 8320K, reserved 1056768K
  class space    used 808K, capacity 858K, committed 896K, reserved 1048576K
Event: 17.634 GC heap after
Heap after GC invocations=21 (full 0):
 PSYoungGen      total 24576K, used 0K [0x00000000d6700000, 0x00000000d8480000, 0x0000000100000000)
  eden space 24064K, 0% used [0x00000000d6700000,0x00000000d6700000,0x00000000d7e80000)
  from space 512K, 0% used [0x00000000d7f00000,0x00000000d7f00000,0x00000000d7f80000)
  to   space 3072K, 0% used [0x00000000d8180000,0x00000000d8180000,0x00000000d8480000)
 ParOldGen       total 86016K, used 2385K [0x0000000083400000, 0x0000000088800000, 0x00000000d6700000)
  object space 86016K, 2% used [0x0000000083400000,0x00000000836544c0,0x0000000088800000)
 Metaspace       used 7950K, capacity 8103K, committed 8320K, reserved 1056768K
  class space    used 808K, capacity 858K, committed 896K, reserved 1048576K
}
Event: 18.112 GC heap before
{Heap before GC invocations=22 (full 0):
 PSYoungGen      total 24576K, used 24064K [0x00000000d6700000, 0x00000000d8480000, 0x0000000100000000)
  eden space 24064K, 100% used [0x00000000d6700000,0x00000000d7e80000,0x00000000d7e80000)
  from space 512K, 0% used [0x00000000d7f00000,0x00000000d7f00000,0x00000000d7f80000)
  to   space 3072K, 0% used [0x00000000d8180000,0x00000000d8180000,0x00000000d8480000)
 ParOldGen       total 86016K, used 2385K [0x0000000083400000, 0x0000000088800000, 0x00000000d6700000)
  object space 86016K, 2% used [0x0000000083400000,0x00000000836544c0,0x0000000088800000)
 Metaspace       used 7972K, capacity 8135K, committed 8320K, reserved 1056768K
  class space    used 813K, capacity 890K, committed 896K, reserved 1048576K
Event: 18.113 GC heap after
Heap after GC invocations=22 (full 0):
 PSYoungGen      total 27136K, used 32K [0x00000000d6700000, 0x00000000d8480000, 0x0000000100000000)
  eden space 24064K, 0% used [0x00000000d6700000,0x00000000d6700000,0x00000000d7e80000)
  from space 3072K, 1% used [0x00000000d8180000,0x00000000d8188000,0x00000000d8480000)
  to   space 3072K, 0% used [0x00000000d7e80000,0x00000000d7e80000,0x00000000d8180000)
 ParOldGen       total 86016K, used 2385K [0x0000000083400000, 0x0000000088800000, 0x00000000d6700000)
  object space 86016K, 2% used [0x0000000083400000,0x00000000836544c0,0x0000000088800000)
 Metaspace       used 7972K, capacity 8135K, committed 8320K, reserved 1056768K
  class space    used 813K, capacity 890K, committed 896K, reserved 1048576K
}

Deoptimization events (8 events):
Event: 0.988 Thread 0x00000000029be800 Uncommon trap: reason=unstable_if action=reinterpret pc=0x0000000002f29a24 method=fr.zunf1x.mc2d.game.level.BlockPlacer.render(Lfr/zunf1x/mc2d/rendering/Color4f;)V @ 119
Event: 1.010 Thread 0x00000000029be800 Uncommon trap: reason=unstable_if action=reinterpret pc=0x0000000002f747c0 method=java.lang.String.indexOf([CII[CIII)I @ 123
Event: 1.209 Thread 0x00000000029be800 Uncommon trap: reason=null_check action=make_not_entrant pc=0x0000000002f8a99c method=java.lang.String.equals(Ljava/lang/Object;)Z @ 8
Event: 1.273 Thread 0x00000000029be800 Uncommon trap: reason=unstable_if action=reinterpret pc=0x0000000002f268d0 method=fr.zunf1x.mc2d.game.level.BlockPlacer.render(Lfr/zunf1x/mc2d/rendering/Color4f;)V @ 119
Event: 1.273 Thread 0x00000000029be800 Uncommon trap: reason=unstable_if action=reinterpret pc=0x0000000002f28ac4 method=fr.zunf1x.mc2d.game.level.BlockPlacer.render(Lfr/zunf1x/mc2d/rendering/Color4f;)V @ 119
Event: 8.606 Thread 0x00000000029be800 Uncommon trap: reason=unstable_if action=reinterpret pc=0x000000000304f940 method=fr.zunf1x.mc2d.game.level.world.World.render()V @ 46
Event: 8.608 Thread 0x00000000029be800 Uncommon trap: reason=unstable_if action=reinterpret pc=0x0000000002f25f00 method=fr.zunf1x.mc2d.game.level.world.World.render()V @ 46
Event: 13.044 Thread 0x00000000029be800 Uncommon trap: reason=unstable_if action=reinterpret pc=0x0000000003048348 method=org.lwjgl.opengl.WindowsDisplay.update()V @ 7

Classes redefined (0 events):
No events

Internal exceptions (10 events):
Event: 0.023 Thread 0x00000000029be800 Exception <a 'java/lang/NoSuchMethodError': Method sun.misc.Unsafe.defineClass(Ljava/lang/String;[BII)Ljava/lang/Class; name or signature does not match> (0x00000000d6707cc0) thrown at [C:\ade\jenkins\workspace\8-2-build-windows-amd64-cygwin\jdk8u241\331\
Event: 0.023 Thread 0x00000000029be800 Exception <a 'java/lang/NoSuchMethodError': Method sun.misc.Unsafe.prefetchRead(Ljava/lang/Object;J)V name or signature does not match> (0x00000000d6707fa8) thrown at [C:\ade\jenkins\workspace\8-2-build-windows-amd64-cygwin\jdk8u241\331\hotspot\src\share\
Event: 0.991 Thread 0x00000000029be800 Exception <a 'java/security/PrivilegedActionException'> (0x00000000d703a710) thrown at [C:\ade\jenkins\workspace\8-2-build-windows-amd64-cygwin\jdk8u241\331\hotspot\src\share\vm\prims\jvm.cpp, line 1502]
Event: 0.991 Thread 0x00000000029be800 Exception <a 'java/security/PrivilegedActionException'> (0x00000000d703a920) thrown at [C:\ade\jenkins\workspace\8-2-build-windows-amd64-cygwin\jdk8u241\331\hotspot\src\share\vm\prims\jvm.cpp, line 1502]
Event: 0.992 Thread 0x00000000029be800 Exception <a 'java/security/PrivilegedActionException'> (0x00000000d703e830) thrown at [C:\ade\jenkins\workspace\8-2-build-windows-amd64-cygwin\jdk8u241\331\hotspot\src\share\vm\prims\jvm.cpp, line 1502]
Event: 0.992 Thread 0x00000000029be800 Exception <a 'java/security/PrivilegedActionException'> (0x00000000d703ea40) thrown at [C:\ade\jenkins\workspace\8-2-build-windows-amd64-cygwin\jdk8u241\331\hotspot\src\share\vm\prims\jvm.cpp, line 1502]
Event: 1.003 Thread 0x00000000029be800 Exception <a 'java/io/FileNotFoundException'> (0x00000000d708e650) thrown at [C:\ade\jenkins\workspace\8-2-build-windows-amd64-cygwin\jdk8u241\331\hotspot\src\share\vm\prims\jni.cpp, line 710]
Event: 1.031 Thread 0x00000000029be800 Exception <a 'java/lang/NoSuchFieldError': method resolution failed> (0x00000000d71c22a0) thrown at [C:\ade\jenkins\workspace\8-2-build-windows-amd64-cygwin\jdk8u241\331\hotspot\src\share\vm\prims\methodHandles.cpp, line 1167]
Event: 1.033 Thread 0x00000000029be800 Exception <a 'java/lang/NoSuchFieldError': method resolution failed> (0x00000000d71d0260) thrown at [C:\ade\jenkins\workspace\8-2-build-windows-amd64-cygwin\jdk8u241\331\hotspot\src\share\vm\prims\methodHandles.cpp, line 1167]
Event: 1.209 Thread 0x00000000029be800 Implicit null exception at 0x0000000002f8a7d5 to 0x0000000002f8a98d

Events (10 events):
Event: 18.096 Thread 0x0000000018f45000 Thread added: 0x0000000018f45000
Event: 18.096 Thread 0x00000000192ce800 Thread added: 0x00000000192ce800
Event: 18.102 loading class java/util/WeakHashMap$KeyIterator
Event: 18.102 loading class java/util/WeakHashMap$HashIterator
Event: 18.102 loading class java/util/WeakHashMap$HashIterator done
Event: 18.102 loading class java/util/WeakHashMap$KeyIterator done
Event: 18.102 Thread 0x0000000018f45000 Thread exited: 0x0000000018f45000
Event: 18.112 Executing VM operation: ParallelGCFailedAllocation
Event: 18.113 Executing VM operation: ParallelGCFailedAllocation done
Event: 18.118 Executing VM operation: Exit


Dynamic libraries:
0x00007ff653be0000 - 0x00007ff653c17000 	C:\Program Files\Java\jdk1.8.0_241\bin\java.exe
0x00007ffba6120000 - 0x00007ffba6329000 	C:\WINDOWS\SYSTEM32\ntdll.dll
0x00007ffba55a0000 - 0x00007ffba565d000 	C:\WINDOWS\System32\KERNEL32.DLL
0x00007ffba3960000 - 0x00007ffba3cdb000 	C:\WINDOWS\System32\KERNELBASE.dll
0x00007ffba5eb0000 - 0x00007ffba5f5e000 	C:\WINDOWS\System32\ADVAPI32.dll
0x00007ffba4cd0000 - 0x00007ffba4d73000 	C:\WINDOWS\System32\msvcrt.dll
0x00007ffba57e0000 - 0x00007ffba587e000 	C:\WINDOWS\System32\sechost.dll
0x00007ffba5660000 - 0x00007ffba5780000 	C:\WINDOWS\System32\RPCRT4.dll
0x00007ffba4410000 - 0x00007ffba45bd000 	C:\WINDOWS\System32\USER32.dll
0x00007ffba3e50000 - 0x00007ffba3e76000 	C:\WINDOWS\System32\win32u.dll
0x00007ffba4240000 - 0x00007ffba4269000 	C:\WINDOWS\System32\GDI32.dll
0x00007ffba3e80000 - 0x00007ffba3f98000 	C:\WINDOWS\System32\gdi32full.dll
0x00007ffba3790000 - 0x00007ffba382d000 	C:\WINDOWS\System32\msvcp_win.dll
0x00007ffba3670000 - 0x00007ffba3781000 	C:\WINDOWS\System32\ucrtbase.dll
0x00007ffb79640000 - 0x00007ffb798e5000 	C:\WINDOWS\WinSxS\amd64_microsoft.windows.common-controls_6595b64144ccf1df_6.0.22000.120_none_9d947278b86cc467\COMCTL32.dll
0x00007ffba57a0000 - 0x00007ffba57d1000 	C:\WINDOWS\System32\IMM32.DLL
0x000000006e690000 - 0x000000006e762000 	C:\Program Files\Java\jdk1.8.0_241\jre\bin\msvcr100.dll
0x000000006dde0000 - 0x000000006e68c000 	C:\Program Files\Java\jdk1.8.0_241\jre\bin\server\jvm.dll
0x00007ffba4620000 - 0x00007ffba4628000 	C:\WINDOWS\System32\PSAPI.DLL
0x00007ffb9f620000 - 0x00007ffb9f629000 	C:\WINDOWS\SYSTEM32\WSOCK32.dll
0x00007ffba41d0000 - 0x00007ffba423f000 	C:\WINDOWS\System32\WS2_32.dll
0x00007ffb9f5d0000 - 0x00007ffb9f603000 	C:\WINDOWS\SYSTEM32\WINMM.dll
0x00007ffb97e60000 - 0x00007ffb97e6a000 	C:\WINDOWS\SYSTEM32\VERSION.dll
0x00007ffb9f7f0000 - 0x00007ffb9f7ff000 	C:\Program Files\Java\jdk1.8.0_241\jre\bin\verify.dll
0x00007ffb9f7c0000 - 0x00007ffb9f7e9000 	C:\Program Files\Java\jdk1.8.0_241\jre\bin\java.dll
0x00007ffb9f790000 - 0x00007ffb9f7b3000 	C:\Program Files\Java\jdk1.8.0_241\jre\bin\instrument.dll
0x00007ffb9e890000 - 0x00007ffb9e8a6000 	C:\Program Files\Java\jdk1.8.0_241\jre\bin\zip.dll
0x00007ffba4de0000 - 0x00007ffba5598000 	C:\WINDOWS\System32\SHELL32.dll
0x00007ffba16c0000 - 0x00007ffba1f25000 	C:\WINDOWS\SYSTEM32\windows.storage.dll
0x00007ffba4650000 - 0x00007ffba49c7000 	C:\WINDOWS\System32\combase.dll
0x00007ffba1550000 - 0x00007ffba16b6000 	C:\WINDOWS\SYSTEM32\wintypes.dll
0x00007ffba4a40000 - 0x00007ffba4b2a000 	C:\WINDOWS\System32\SHCORE.dll
0x00007ffba4d80000 - 0x00007ffba4ddd000 	C:\WINDOWS\System32\shlwapi.dll
0x00007ffba3520000 - 0x00007ffba3541000 	C:\WINDOWS\SYSTEM32\profapi.dll
0x00007ffb9d430000 - 0x00007ffb9d44a000 	C:\Program Files\JetBrains\IntelliJ IDEA Community Edition 2022.1.1\bin\breakgen64.dll
0x00007ffb8e0b0000 - 0x00007ffb8e0ca000 	C:\Program Files\Java\jdk1.8.0_241\jre\bin\net.dll
0x00007ffba2af0000 - 0x00007ffba2b57000 	C:\WINDOWS\system32\mswsock.dll
0x0000000180000000 - 0x0000000180053000 	C:\Users\zunf1\Documents\GitHub\MC2D\libs\natives\lwjgl64.dll
0x00007ffb79090000 - 0x00007ffb79191000 	C:\WINDOWS\SYSTEM32\OPENGL32.dll
0x00007ffb79020000 - 0x00007ffb7904d000 	C:\WINDOWS\SYSTEM32\GLU32.dll
0x00007ffba09d0000 - 0x00007ffba0a08000 	C:\WINDOWS\SYSTEM32\dxcore.dll
0x00007ffba0060000 - 0x00007ffba0118000 	C:\WINDOWS\SYSTEM32\mscms.dll
0x00007ffba3200000 - 0x00007ffba324c000 	C:\WINDOWS\SYSTEM32\cfgmgr32.dll
0x00007ffba2ec0000 - 0x00007ffba2ee7000 	C:\WINDOWS\SYSTEM32\bcrypt.dll
0x00007ffba2650000 - 0x00007ffba2668000 	C:\WINDOWS\SYSTEM32\kernel.appcore.dll
0x00007ffba35f0000 - 0x00007ffba366f000 	C:\WINDOWS\System32\bcryptPrimitives.dll
0x00007ffba4270000 - 0x00007ffba4325000 	C:\WINDOWS\System32\clbcatq.dll
0x00007ffb94e80000 - 0x00007ffb94eca000 	C:\Windows\System32\Windows.Internal.Graphics.Display.DisplayColorManagement.dll
0x00007ffba4330000 - 0x00007ffba4406000 	C:\WINDOWS\System32\OLEAUT32.dll
0x00007ffba0870000 - 0x00007ffba091c000 	C:\WINDOWS\system32\uxtheme.dll
0x00007ffba5880000 - 0x00007ffba599d000 	C:\WINDOWS\System32\MSCTF.dll
0x00007ffb78910000 - 0x00007ffb78a3d000 	C:\WINDOWS\SYSTEM32\textinputframework.dll
0x00007ffb9e560000 - 0x00007ffb9e691000 	C:\WINDOWS\SYSTEM32\CoreMessaging.dll
0x00007ffb98df0000 - 0x00007ffb9915d000 	C:\WINDOWS\SYSTEM32\CoreUIComponents.dll
0x00007ffba2d30000 - 0x00007ffba2d3c000 	C:\WINDOWS\SYSTEM32\CRYPTBASE.DLL
0x00007ffb99640000 - 0x00007ffb99684000 	C:\WINDOWS\SYSTEM32\directxdatabasehelper.dll
0x00007ffba2670000 - 0x00007ffba26a4000 	C:\WINDOWS\SYSTEM32\ntmarta.dll
0x00007ffb97570000 - 0x00007ffb976a4000 	C:\Windows\System32\AppXDeploymentClient.dll
0x00007ffb97380000 - 0x00007ffb9756f000 	C:\WINDOWS\SYSTEM32\urlmon.dll
0x00007ffb970c0000 - 0x00007ffb97373000 	C:\Windows\System32\iertutil.dll
0x00007ffb96870000 - 0x00007ffb96898000 	C:\Windows\System32\srvcli.dll
0x00007ffba2290000 - 0x00007ffba229c000 	C:\Windows\System32\netutils.dll
0x00007ffab9750000 - 0x00007ffaba728000 	C:\WINDOWS\System32\DriverStore\FileRepository\iigd_dch.inf_amd64_c529b210005a7e19\igxelpicd64.dll
0x00007ffba4b30000 - 0x00007ffba4cca000 	C:\WINDOWS\System32\ole32.dll
0x00007ffba0b50000 - 0x00007ffba0b7f000 	C:\WINDOWS\system32\dwmapi.dll
0x00007ffba0a10000 - 0x00007ffba0b03000 	C:\WINDOWS\system32\dxgi.dll
0x00007ffb5f6c0000 - 0x00007ffb5f7fe000 	C:\WINDOWS\System32\DriverStore\FileRepository\iigd_dch.inf_amd64_c529b210005a7e19\igdml64.dll
0x00007ffb94a90000 - 0x00007ffb94e80000 	C:\WINDOWS\System32\DriverStore\FileRepository\iigd_dch.inf_amd64_c529b210005a7e19\igdgmm64.dll
0x00007ffb8ce30000 - 0x00007ffb8ce74000 	C:\WINDOWS\SYSTEM32\icm32.dll
0x00007ffb90440000 - 0x00007ffb94a84000 	C:\WINDOWS\System32\DriverStore\FileRepository\iigd_dch.inf_amd64_c529b210005a7e19\igc64.dll
0x00007ffba34c0000 - 0x00007ffba350d000 	C:\WINDOWS\SYSTEM32\powrprof.dll
0x00007ffba34a0000 - 0x00007ffba34b3000 	C:\WINDOWS\SYSTEM32\UMPDC.dll
0x00007ffacd310000 - 0x00007ffacd4aa000 	C:\Program Files\Java\jdk1.8.0_241\jre\bin\awt.dll
0x00007ffb9ecc0000 - 0x00007ffb9ed52000 	C:\WINDOWS\SYSTEM32\apphelp.dll
0x00007ffba2d40000 - 0x00007ffba2d58000 	C:\WINDOWS\SYSTEM32\CRYPTSP.dll
0x00007ffba25b0000 - 0x00007ffba25e5000 	C:\WINDOWS\system32\rsaenh.dll
0x00007ffba2be0000 - 0x00007ffba2c09000 	C:\WINDOWS\SYSTEM32\USERENV.dll
0x00007ffba2170000 - 0x00007ffba219d000 	C:\WINDOWS\SYSTEM32\IPHLPAPI.DLL
0x00007ffba4a30000 - 0x00007ffba4a39000 	C:\WINDOWS\System32\NSI.dll
0x00007ffb9ef70000 - 0x00007ffb9ef89000 	C:\WINDOWS\SYSTEM32\dhcpcsvc6.DLL
0x00007ffb9f2e0000 - 0x00007ffb9f2fe000 	C:\WINDOWS\SYSTEM32\dhcpcsvc.DLL
0x00007ffba21a0000 - 0x00007ffba2288000 	C:\WINDOWS\SYSTEM32\DNSAPI.dll
0x00007ffb8e090000 - 0x00007ffb8e0a2000 	C:\Program Files\Java\jdk1.8.0_241\jre\bin\nio.dll
0x00007ffba10b0000 - 0x00007ffba12d1000 	C:\WINDOWS\SYSTEM32\dbghelp.dll

VM Arguments:
jvm_args: -Djava.library.path=C:\Users\zunf1\Documents\GitHub\MC2D\libs\natives -javaagent:C:\Program Files\JetBrains\IntelliJ IDEA Community Edition 2022.1.1\lib\idea_rt.jar=54754:C:\Program Files\JetBrains\IntelliJ IDEA Community Edition 2022.1.1\bin -Dfile.encoding=UTF-8 
java_command: fr.zunf1x.mc2d.Start
java_class_path (initial): C:\Program Files\Java\jdk1.8.0_241\jre\lib\charsets.jar;C:\Program Files\Java\jdk1.8.0_241\jre\lib\deploy.jar;C:\Program Files\Java\jdk1.8.0_241\jre\lib\ext\access-bridge-64.jar;C:\Program Files\Java\jdk1.8.0_241\jre\lib\ext\cldrdata.jar;C:\Program Files\Java\jdk1.8.0_241\jre\lib\ext\dnsns.jar;C:\Program Files\Java\jdk1.8.0_241\jre\lib\ext\jaccess.jar;C:\Program Files\Java\jdk1.8.0_241\jre\lib\ext\jfxrt.jar;C:\Program Files\Java\jdk1.8.0_241\jre\lib\ext\localedata.jar;C:\Program Files\Java\jdk1.8.0_241\jre\lib\ext\nashorn.jar;C:\Program Files\Java\jdk1.8.0_241\jre\lib\ext\sunec.jar;C:\Program Files\Java\jdk1.8.0_241\jre\lib\ext\sunjce_provider.jar;C:\Program Files\Java\jdk1.8.0_241\jre\lib\ext\sunmscapi.jar;C:\Program Files\Java\jdk1.8.0_241\jre\lib\ext\sunpkcs11.jar;C:\Program Files\Java\jdk1.8.0_241\jre\lib\ext\zipfs.jar;C:\Program Files\Java\jdk1.8.0_241\jre\lib\javaws.jar;C:\Program Files\Java\jdk1.8.0_241\jre\lib\jce.jar;C:\Program Files\Java\jdk1.8.0_241\jre\lib\jfr.jar;C:\Program Files\Java\jdk1.8.0_241\jre\lib\jfxswt.jar;C:\Program Files\Java\jdk1.8.0_241\jre\lib\jsse.jar;C:\Program Files\Java\jdk1.8.0_241\jre\lib\management-agent.jar;C:\Program Files\Java\jdk1.8.0_241\jre\lib\plugin.jar;C:\Program Files\Java\jdk1.8.0_241\jre\lib\resources.jar;C:\Program Files\Java\jdk1.8.0_241\jre\lib\rt.jar;C:\Users\zunf1\Documents\GitHub\MC2D\out\production\MC2D;C:\Users\zunf1\Documents\GitHub\MC2D\libs\lwjgl.jar;C:\Users\zunf1\Documents\GitHub\MC2D\libs\lwjgl_util.jar;C:\Users\zunf1\Documents\GitHub\MC2D\assets;C:\Program Files\JetBrains\IntelliJ IDEA Community Edition 2022.1.1\lib\idea_rt.jar
Launcher Type: SUN_STANDARD

Environment Variables:
JAVA_HOME=C:\Program Files\Java\jdk1.8.0_241
PATH=C:\Program Files (x86)\VMware\VMware Player\bin\;C:\Windows\system32;C:\Windows;C:\Windows\System32\Wbem;C:\Windows\System32\WindowsPowerShell\v1.0\;C:\Windows\System32\OpenSSH\;C:\Program Files\Java\jdk-18.0.1.1\bin;C:\Program Files\Microsoft SQL Server\150\Tools\Binn\;C:\Program Files\Microsoft SQL Server\Client SDK\ODBC\170\Tools\Binn\;C:\Program Files\dotnet\;C:\Program Files\Git\cmd;C:\WINDOWS\system32;C:\WINDOWS;C:\WINDOWS\System32\Wbem;C:\WINDOWS\System32\WindowsPowerShell\v1.0\;C:\WINDOWS\System32\OpenSSH\;C:\Users\zunf1\AppData\Local\Programs\Python\Python310\Scripts\;C:\Users\zunf1\AppData\Local\Programs\Python\Python310\;C:\Users\zunf1\AppData\Local\Microsoft\WindowsApps;C:\Program Files\Java\jdk-18.0.1.1\bin;C:\Program Files\JetBrains\IntelliJ IDEA Community Edition 2022.1.1\bin;;C:\Users\zunf1\AppData\Local\Programs\Microsoft VS Code\bin;C:\Users\zunf1\.dotnet\tools;C:\Users\zunf1\AppData\Local\GitHubDesktop\bin;
USERNAME=ZunF1x
OS=Windows_NT
PROCESSOR_IDENTIFIER=Intel64 Family 6 Model 140 Stepping 1, GenuineIntel



---------------  S Y S T E M  ---------------

OS: Windows 10.0 , 64 bit Build 22000 (10.0.22000.708)

CPU:total 4 (initial active 4) (2 cores per cpu, 2 threads per core) family 6 model 140 stepping 1, cmov, cx8, fxsr, mmx, sse, sse2, sse3, ssse3, sse4.1, sse4.2, popcnt, avx, avx2, aes, clmul, erms, 3dnowpref, lzcnt, ht, tsc, tscinvbit, bmi1, bmi2, adx

Memory: 4k page, physical 8170808k(486220k free), swap 18687776k(2691972k free)

vm_info: Java HotSpot(TM) 64-Bit Server VM (25.241-b07) for windows-amd64 JRE (1.8.0_241-b07), built on Dec 11 2019 10:21:40 by "rejava" with MS VC++ 10.0 (VS2010)

time: Tue Oct 25 15:40:25 2022
timezone: Paris, Madrid (heure d’été)
elapsed time: 18 seconds (0d 0h 0m 18s)

