#
# A fatal error has been detected by the Java Runtime Environment:
#
#  EXCEPTION_ACCESS_VIOLATION (0xc0000005) at pc=0x00007ffbc69ac3a2, pid=7432, tid=0x0000000000006ddc
#
# JRE version: Java(TM) SE Runtime Environment (8.0_241-b07) (build 1.8.0_241-b07)
# Java VM: Java HotSpot(TM) 64-Bit Server VM (25.241-b07 mixed mode windows-amd64 compressed oops)
# Problematic frame:
# C  [igxelpicd64.dll+0x2bc3a2]
#
# Failed to write core dump. Minidumps are not enabled by default on client versions of Windows
#
# If you would like to submit a bug report, please visit:
#   http://bugreport.java.com/bugreport/crash.jsp
#

---------------  T H R E A D  ---------------

Current thread (0x0000000017da7800):  VMThread [stack: 0x0000000018e30000,0x0000000018f30000] [id=28124]

siginfo: ExceptionCode=0xc0000005, reading address 0x0000000000035888

Registers:
RAX=0x000000001b9f4938, RBX=0x000000001b9f4830, RCX=0x0000000000000000, RDX=0x00000000fffffff0
RSP=0x0000000018f2e440, RBP=0x0000000000000000, RSI=0x000000001b9f4e00, RDI=0x000000001b94e970
R8 =0x0000000000000014, R9 =0x0000000000000000, R10=0x0000000000000000, R11=0x0000000000000246
R12=0x000000001b07ae00, R13=0x0000000020dce760, R14=0x0000000001229900, R15=0x0000000000000016
RIP=0x00007ffbc69ac3a2, EFLAGS=0x0000000000010202

Top of Stack: (sp=0x0000000018f2e440)
0x0000000018f2e440:   00000000012085b0 0000000000000000
0x0000000018f2e450:   0000000000000000 00007ffcaafe7ad4
0x0000000018f2e460:   0000000000000000 0000000000000000
0x0000000018f2e470:   0000000000000000 0000000000000000
0x0000000018f2e480:   0000000000000012 000000000122999d
0x0000000018f2e490:   0000b80200000000 000000001b07ae98
0x0000000018f2e4a0:   0000000000000000 0000000000000000
0x0000000018f2e4b0:   0000000018f2e5c0 00007ffbc699bdb7
0x0000000018f2e4c0:   00000000012085b0 000000001b94e970
0x0000000018f2e4d0:   0000000000000000 0000000000000000
0x0000000018f2e4e0:   0000000000000b64 3030303000000000
0x0000000018f2e4f0:   0000000000000000 0000e9d87d248fa3
0x0000000018f2e500:   00000000032a2e60 0000000000000000
0x0000000018f2e510:   000000006e2e4370 00007ffcaafd9d59
0x0000000018f2e520:   0000000018f2e630 0000e9d87d248ff3
0x0000000018f2e530:   00000000032a2e60 00007ffcaafd9d59 

Instructions: (pc=0x00007ffbc69ac3a2)
0x00007ffbc69ac382:   83 74 01 00 00 4a 8d 04 cd 21 00 00 00 49 03 c1
0x00007ffbc69ac392:   48 8d 04 c3 48 85 c0 0f 85 4a 01 00 00 49 8b ca
0x00007ffbc69ac3a2:   48 3b 8d 88 58 03 00 0f 87 a8 4c 6c 00 48 8d 93
0x00007ffbc69ac3b2:   08 01 00 00 4c 39 93 48 06 00 00 0f 85 13 4e 6c 


Register to memory mapping:

RAX=0x000000001b9f4938 is an unknown value
RBX=0x000000001b9f4830 is an unknown value
RCX=0x0000000000000000 is an unknown value
RDX=0x00000000fffffff0 is an unallocated location in the heap
RSP=0x0000000018f2e440 is an unknown value
RBP=0x0000000000000000 is an unknown value
RSI=0x000000001b9f4e00 is an unknown value
RDI=0x000000001b94e970 is an unknown value
R8 =0x0000000000000014 is an unknown value
R9 =0x0000000000000000 is an unknown value
R10=0x0000000000000000 is an unknown value
R11=0x0000000000000246 is an unknown value
R12=0x000000001b07ae00 is an unknown value
R13=0x0000000020dce760 is an unknown value
R14=0x0000000001229900 is an unknown value
R15=0x0000000000000016 is an unknown value


Stack: [0x0000000018e30000,0x0000000018f30000],  sp=0x0000000018f2e440,  free space=1017k
Native frames: (J=compiled Java code, j=interpreted, Vv=VM code, C=native code)

VM_Operation (0x000000000301ef70): Exit, mode: safepoint, requested by thread 0x00000000195f6000


---------------  P R O C E S S  ---------------

Java Threads: ( => current thread )
  0x00000000195f6000 JavaThread "SIGINT handler" daemon [_thread_blocked, id=23756, stack(0x0000000002f20000,0x0000000003020000)]
  0x0000000021e9b000 JavaThread "Java2D Disposer" daemon [_thread_blocked, id=23548, stack(0x0000000022750000,0x0000000022850000)]
  0x0000000019554800 JavaThread "Service Thread" daemon [_thread_blocked, id=24780, stack(0x0000000019c60000,0x0000000019d60000)]
  0x00000000194bb800 JavaThread "C1 CompilerThread2" daemon [_thread_blocked, id=27412, stack(0x0000000019b60000,0x0000000019c60000)]
  0x0000000017e36800 JavaThread "C2 CompilerThread1" daemon [_thread_blocked, id=27988, stack(0x0000000019a60000,0x0000000019b60000)]
  0x00000000194b1000 JavaThread "C2 CompilerThread0" daemon [_thread_blocked, id=25644, stack(0x0000000019960000,0x0000000019a60000)]
  0x0000000019469000 JavaThread "Monitor Ctrl-Break" daemon [_thread_in_native, id=25288, stack(0x0000000019860000,0x0000000019960000)]
  0x0000000017de6000 JavaThread "Attach Listener" daemon [_thread_blocked, id=23576, stack(0x0000000019360000,0x0000000019460000)]
  0x000000000339b800 JavaThread "Finalizer" daemon [_thread_blocked, id=24312, stack(0x0000000019030000,0x0000000019130000)]
  0x0000000003393000 JavaThread "Reference Handler" daemon [_thread_blocked, id=22928, stack(0x0000000018f30000,0x0000000019030000)]
  0x0000000002e7e800 JavaThread "main" [_thread_blocked, id=12200, stack(0x0000000003020000,0x0000000003120000)]

Other Threads:
=>0x0000000017da7800 VMThread [stack: 0x0000000018e30000,0x0000000018f30000] [id=28124]

VM state:at safepoint (shutting down)

VM Mutex/Monitor currently owned by a thread:  ([mutex/lock_event])
[0x00000000032a02d0] Threads_lock - owner thread: 0x0000000017da7800

heap address: 0x0000000083400000, size: 1996 MB, Compressed Oops mode: 32-bit
Narrow klass base: 0x0000000000000000, Narrow klass shift: 3
Compressed class space size: 1073741824 Address: 0x0000000100000000

Heap:
 PSYoungGen      total 24576K, used 18288K [0x00000000d6700000, 0x00000000d8000000, 0x0000000100000000)
  eden space 24064K, 76% used [0x00000000d6700000,0x00000000d78dc380,0x00000000d7e80000)
  from space 512K, 0% used [0x00000000d7f80000,0x00000000d7f80000,0x00000000d8000000)
  to   space 512K, 0% used [0x00000000d7f00000,0x00000000d7f00000,0x00000000d7f80000)
 ParOldGen       total 86016K, used 2973K [0x0000000083400000, 0x0000000088800000, 0x00000000d6700000)
  object space 86016K, 3% used [0x0000000083400000,0x00000000836e7708,0x0000000088800000)
 Metaspace       used 8203K, capacity 8405K, committed 8576K, reserved 1056768K
  class space    used 829K, capacity 893K, committed 896K, reserved 1048576K

Card table byte_map: [0x0000000012760000,0x0000000012b50000] byte_map_base: 0x0000000012346000

Marking Bits: (ParMarkBitMap*) 0x000000006e32be30
 Begin Bits: [0x00000000131f0000, 0x0000000015120000)
 End Bits:   [0x0000000015120000, 0x0000000017050000)

Polling page: 0x0000000002e10000

CodeCache: size=245760Kb used=4776Kb max_used=4792Kb free=240983Kb
 bounds [0x00000000033a0000, 0x0000000003860000, 0x00000000123a0000]
 total_blobs=1462 nmethods=1009 adapters=366
 compilation: enabled

Compilation events (10 events):
Event: 140.117 Thread 0x0000000017e36800 1007       4       org.lwjgl.opengl.WindowsDisplay::handleMessage (29 bytes)
Event: 140.118 Thread 0x0000000017e36800 nmethod 1007 0x0000000003839750 code [0x00000000038398a0, 0x0000000003839948]
Event: 145.749 Thread 0x0000000017e36800 1008       4       org.lwjgl.opengl.WindowsDisplay::doHandleMessage (969 bytes)
Event: 145.795 Thread 0x0000000017e36800 nmethod 1008 0x000000000384bf10 code [0x000000000384c380, 0x000000000384dd88]
Event: 147.200 Thread 0x00000000194bb800 1009       3       java.io.BufferedWriter::ensureOpen (18 bytes)
Event: 147.200 Thread 0x00000000194bb800 nmethod 1009 0x0000000003805f10 code [0x0000000003806080, 0x00000000038062c8]
Event: 148.784 Thread 0x00000000194bb800 1010       3       java.nio.ByteBuffer::array (35 bytes)
Event: 148.784 Thread 0x00000000194bb800 nmethod 1010 0x0000000003805910 code [0x0000000003805aa0, 0x0000000003805db8]
Event: 184.444 Thread 0x0000000017e36800 1011 %     4       fr.zunf1x.mc2d.MC2D::loop @ 18 (143 bytes)
Event: 184.459 Thread 0x0000000017e36800 nmethod 1011% 0x00000000038529d0 code [0x0000000003852c40, 0x0000000003854000]

GC Heap History (10 events):
Event: 306.654 GC heap before
{Heap before GC invocations=192 (full 0):
 PSYoungGen      total 24576K, used 24064K [0x00000000d6700000, 0x00000000d8000000, 0x0000000100000000)
  eden space 24064K, 100% used [0x00000000d6700000,0x00000000d7e80000,0x00000000d7e80000)
  from space 512K, 0% used [0x00000000d7f00000,0x00000000d7f00000,0x00000000d7f80000)
  to   space 512K, 0% used [0x00000000d7f80000,0x00000000d7f80000,0x00000000d8000000)
 ParOldGen       total 86016K, used 2973K [0x0000000083400000, 0x0000000088800000, 0x00000000d6700000)
  object space 86016K, 3% used [0x0000000083400000,0x00000000836e7708,0x0000000088800000)
 Metaspace       used 8181K, capacity 8341K, committed 8576K, reserved 1056768K
  class space    used 824K, capacity 893K, committed 896K, reserved 1048576K
Event: 306.654 GC heap after
Heap after GC invocations=192 (full 0):
 PSYoungGen      total 24576K, used 0K [0x00000000d6700000, 0x00000000d8000000, 0x0000000100000000)
  eden space 24064K, 0% used [0x00000000d6700000,0x00000000d6700000,0x00000000d7e80000)
  from space 512K, 0% used [0x00000000d7f80000,0x00000000d7f80000,0x00000000d8000000)
  to   space 512K, 0% used [0x00000000d7f00000,0x00000000d7f00000,0x00000000d7f80000)
 ParOldGen       total 86016K, used 2973K [0x0000000083400000, 0x0000000088800000, 0x00000000d6700000)
  object space 86016K, 3% used [0x0000000083400000,0x00000000836e7708,0x0000000088800000)
 Metaspace       used 8181K, capacity 8341K, committed 8576K, reserved 1056768K
  class space    used 824K, capacity 893K, committed 896K, reserved 1048576K
}
Event: 308.157 GC heap before
{Heap before GC invocations=193 (full 0):
 PSYoungGen      total 24576K, used 24064K [0x00000000d6700000, 0x00000000d8000000, 0x0000000100000000)
  eden space 24064K, 100% used [0x00000000d6700000,0x00000000d7e80000,0x00000000d7e80000)
  from space 512K, 0% used [0x00000000d7f80000,0x00000000d7f80000,0x00000000d8000000)
  to   space 512K, 0% used [0x00000000d7f00000,0x00000000d7f00000,0x00000000d7f80000)
 ParOldGen       total 86016K, used 2973K [0x0000000083400000, 0x0000000088800000, 0x00000000d6700000)
  object space 86016K, 3% used [0x0000000083400000,0x00000000836e7708,0x0000000088800000)
 Metaspace       used 8181K, capacity 8341K, committed 8576K, reserved 1056768K
  class space    used 824K, capacity 893K, committed 896K, reserved 1048576K
Event: 308.158 GC heap after
Heap after GC invocations=193 (full 0):
 PSYoungGen      total 24576K, used 0K [0x00000000d6700000, 0x00000000d8000000, 0x0000000100000000)
  eden space 24064K, 0% used [0x00000000d6700000,0x00000000d6700000,0x00000000d7e80000)
  from space 512K, 0% used [0x00000000d7f00000,0x00000000d7f00000,0x00000000d7f80000)
  to   space 512K, 0% used [0x00000000d7f80000,0x00000000d7f80000,0x00000000d8000000)
 ParOldGen       total 86016K, used 2973K [0x0000000083400000, 0x0000000088800000, 0x00000000d6700000)
  object space 86016K, 3% used [0x0000000083400000,0x00000000836e7708,0x0000000088800000)
 Metaspace       used 8181K, capacity 8341K, committed 8576K, reserved 1056768K
  class space    used 824K, capacity 893K, committed 896K, reserved 1048576K
}
Event: 309.791 GC heap before
{Heap before GC invocations=194 (full 0):
 PSYoungGen      total 24576K, used 24064K [0x00000000d6700000, 0x00000000d8000000, 0x0000000100000000)
  eden space 24064K, 100% used [0x00000000d6700000,0x00000000d7e80000,0x00000000d7e80000)
  from space 512K, 0% used [0x00000000d7f00000,0x00000000d7f00000,0x00000000d7f80000)
  to   space 512K, 0% used [0x00000000d7f80000,0x00000000d7f80000,0x00000000d8000000)
 ParOldGen       total 86016K, used 2973K [0x0000000083400000, 0x0000000088800000, 0x00000000d6700000)
  object space 86016K, 3% used [0x0000000083400000,0x00000000836e7708,0x0000000088800000)
 Metaspace       used 8181K, capacity 8341K, committed 8576K, reserved 1056768K
  class space    used 824K, capacity 893K, committed 896K, reserved 1048576K
Event: 309.792 GC heap after
Heap after GC invocations=194 (full 0):
 PSYoungGen      total 24576K, used 0K [0x00000000d6700000, 0x00000000d8000000, 0x0000000100000000)
  eden space 24064K, 0% used [0x00000000d6700000,0x00000000d6700000,0x00000000d7e80000)
  from space 512K, 0% used [0x00000000d7f80000,0x00000000d7f80000,0x00000000d8000000)
  to   space 512K, 0% used [0x00000000d7f00000,0x00000000d7f00000,0x00000000d7f80000)
 ParOldGen       total 86016K, used 2973K [0x0000000083400000, 0x0000000088800000, 0x00000000d6700000)
  object space 86016K, 3% used [0x0000000083400000,0x00000000836e7708,0x0000000088800000)
 Metaspace       used 8181K, capacity 8341K, committed 8576K, reserved 1056768K
  class space    used 824K, capacity 893K, committed 896K, reserved 1048576K
}
Event: 311.398 GC heap before
{Heap before GC invocations=195 (full 0):
 PSYoungGen      total 24576K, used 24064K [0x00000000d6700000, 0x00000000d8000000, 0x0000000100000000)
  eden space 24064K, 100% used [0x00000000d6700000,0x00000000d7e80000,0x00000000d7e80000)
  from space 512K, 0% used [0x00000000d7f80000,0x00000000d7f80000,0x00000000d8000000)
  to   space 512K, 0% used [0x00000000d7f00000,0x00000000d7f00000,0x00000000d7f80000)
 ParOldGen       total 86016K, used 2973K [0x0000000083400000, 0x0000000088800000, 0x00000000d6700000)
  object space 86016K, 3% used [0x0000000083400000,0x00000000836e7708,0x0000000088800000)
 Metaspace       used 8181K, capacity 8341K, committed 8576K, reserved 1056768K
  class space    used 824K, capacity 893K, committed 896K, reserved 1048576K
Event: 311.398 GC heap after
Heap after GC invocations=195 (full 0):
 PSYoungGen      total 24576K, used 0K [0x00000000d6700000, 0x00000000d8000000, 0x0000000100000000)
  eden space 24064K, 0% used [0x00000000d6700000,0x00000000d6700000,0x00000000d7e80000)
  from space 512K, 0% used [0x00000000d7f00000,0x00000000d7f00000,0x00000000d7f80000)
  to   space 512K, 0% used [0x00000000d7f80000,0x00000000d7f80000,0x00000000d8000000)
 ParOldGen       total 86016K, used 2973K [0x0000000083400000, 0x0000000088800000, 0x00000000d6700000)
  object space 86016K, 3% used [0x0000000083400000,0x00000000836e7708,0x0000000088800000)
 Metaspace       used 8181K, capacity 8341K, committed 8576K, reserved 1056768K
  class space    used 824K, capacity 893K, committed 896K, reserved 1048576K
}
Event: 312.919 GC heap before
{Heap before GC invocations=196 (full 0):
 PSYoungGen      total 24576K, used 24064K [0x00000000d6700000, 0x00000000d8000000, 0x0000000100000000)
  eden space 24064K, 100% used [0x00000000d6700000,0x00000000d7e80000,0x00000000d7e80000)
  from space 512K, 0% used [0x00000000d7f00000,0x00000000d7f00000,0x00000000d7f80000)
  to   space 512K, 0% used [0x00000000d7f80000,0x00000000d7f80000,0x00000000d8000000)
 ParOldGen       total 86016K, used 2973K [0x0000000083400000, 0x0000000088800000, 0x00000000d6700000)
  object space 86016K, 3% used [0x0000000083400000,0x00000000836e7708,0x0000000088800000)
 Metaspace       used 8181K, capacity 8341K, committed 8576K, reserved 1056768K
  class space    used 824K, capacity 893K, committed 896K, reserved 1048576K
Event: 312.920 GC heap after
Heap after GC invocations=196 (full 0):
 PSYoungGen      total 24576K, used 0K [0x00000000d6700000, 0x00000000d8000000, 0x0000000100000000)
  eden space 24064K, 0% used [0x00000000d6700000,0x00000000d6700000,0x00000000d7e80000)
  from space 512K, 0% used [0x00000000d7f80000,0x00000000d7f80000,0x00000000d8000000)
  to   space 512K, 0% used [0x00000000d7f00000,0x00000000d7f00000,0x00000000d7f80000)
 ParOldGen       total 86016K, used 2973K [0x0000000083400000, 0x0000000088800000, 0x00000000d6700000)
  object space 86016K, 3% used [0x0000000083400000,0x00000000836e7708,0x0000000088800000)
 Metaspace       used 8181K, capacity 8341K, committed 8576K, reserved 1056768K
  class space    used 824K, capacity 893K, committed 896K, reserved 1048576K
}

Deoptimization events (10 events):
Event: 14.299 Thread 0x0000000002e7e800 Uncommon trap: reason=unstable_if action=reinterpret pc=0x00000000037bf180 method=fr.zunf1x.mc2d.game.level.entities.Entity.collide(FF)Z @ 151
Event: 15.549 Thread 0x0000000002e7e800 Uncommon trap: reason=unstable_if action=reinterpret pc=0x0000000003806c88 method=fr.zunf1x.mc2d.math.Mathf.clamp(DDDLjava/awt/event/ActionListener;)D @ 3
Event: 22.434 Thread 0x0000000002e7e800 Uncommon trap: reason=unstable_if action=reinterpret pc=0x000000000380fa20 method=fr.zunf1x.mc2d.game.level.entities.Entity.collide(FF)Z @ 168
Event: 33.034 Thread 0x0000000002e7e800 Uncommon trap: reason=unstable_if action=reinterpret pc=0x0000000003825d60 method=fr.zunf1x.mc2d.game.level.entities.EntityPlayer.update()V @ 121
Event: 34.985 Thread 0x0000000002e7e800 Uncommon trap: reason=unstable_if action=reinterpret pc=0x00000000038138a8 method=org.lwjgl.opengl.WindowsDisplay.update()V @ 7
Event: 34.991 Thread 0x0000000002e7e800 Uncommon trap: reason=unstable_if action=reinterpret pc=0x00000000037c3804 method=org.lwjgl.opengl.WindowsDisplay.update()V @ 7
Event: 129.292 Thread 0x0000000002e7e800 Uncommon trap: reason=unstable_if action=reinterpret pc=0x000000000383a03c method=org.lwjgl.opengl.WindowsDisplay.update()V @ 40
Event: 148.516 Thread 0x0000000002e7e800 Uncommon trap: reason=class_check action=maybe_recompile pc=0x0000000003843d94 method=fr.zunf1x.mc2d.game.Game.update()V @ 819
Event: 148.717 Thread 0x0000000002e7e800 Uncommon trap: reason=class_check action=maybe_recompile pc=0x0000000003843d94 method=fr.zunf1x.mc2d.game.Game.update()V @ 819
Event: 150.216 Thread 0x0000000002e7e800 Uncommon trap: reason=class_check action=maybe_recompile pc=0x0000000003792c84 method=fr.zunf1x.mc2d.game.level.world.Chunk.update()V @ 179

Classes redefined (0 events):
No events

Internal exceptions (10 events):
Event: 0.039 Thread 0x0000000002e7e800 Exception <a 'java/lang/NoSuchMethodError': Method sun.misc.Unsafe.defineClass(Ljava/lang/String;[BII)Ljava/lang/Class; name or signature does not match> (0x00000000d6707cc0) thrown at [C:\ade\jenkins\workspace\8-2-build-windows-amd64-cygwin\jdk8u241\331\
Event: 0.039 Thread 0x0000000002e7e800 Exception <a 'java/lang/NoSuchMethodError': Method sun.misc.Unsafe.prefetchRead(Ljava/lang/Object;J)V name or signature does not match> (0x00000000d6707fa8) thrown at [C:\ade\jenkins\workspace\8-2-build-windows-amd64-cygwin\jdk8u241\331\hotspot\src\share\
Event: 0.424 Thread 0x0000000002e7e800 Exception <a 'java/security/PrivilegedActionException'> (0x00000000d6def3b8) thrown at [C:\ade\jenkins\workspace\8-2-build-windows-amd64-cygwin\jdk8u241\331\hotspot\src\share\vm\prims\jvm.cpp, line 1502]
Event: 0.424 Thread 0x0000000002e7e800 Exception <a 'java/security/PrivilegedActionException'> (0x00000000d6def5c8) thrown at [C:\ade\jenkins\workspace\8-2-build-windows-amd64-cygwin\jdk8u241\331\hotspot\src\share\vm\prims\jvm.cpp, line 1502]
Event: 0.424 Thread 0x0000000002e7e800 Exception <a 'java/security/PrivilegedActionException'> (0x00000000d6df34d8) thrown at [C:\ade\jenkins\workspace\8-2-build-windows-amd64-cygwin\jdk8u241\331\hotspot\src\share\vm\prims\jvm.cpp, line 1502]
Event: 0.424 Thread 0x0000000002e7e800 Exception <a 'java/security/PrivilegedActionException'> (0x00000000d6df36e8) thrown at [C:\ade\jenkins\workspace\8-2-build-windows-amd64-cygwin\jdk8u241\331\hotspot\src\share\vm\prims\jvm.cpp, line 1502]
Event: 0.449 Thread 0x0000000002e7e800 Exception <a 'java/io/FileNotFoundException'> (0x00000000d6e432f8) thrown at [C:\ade\jenkins\workspace\8-2-build-windows-amd64-cygwin\jdk8u241\331\hotspot\src\share\vm\prims\jni.cpp, line 710]
Event: 0.481 Thread 0x0000000002e7e800 Exception <a 'java/lang/NoSuchFieldError': method resolution failed> (0x00000000d6f73300) thrown at [C:\ade\jenkins\workspace\8-2-build-windows-amd64-cygwin\jdk8u241\331\hotspot\src\share\vm\prims\methodHandles.cpp, line 1167]
Event: 0.483 Thread 0x0000000002e7e800 Exception <a 'java/lang/NoSuchFieldError': method resolution failed> (0x00000000d6f812c0) thrown at [C:\ade\jenkins\workspace\8-2-build-windows-amd64-cygwin\jdk8u241\331\hotspot\src\share\vm\prims\methodHandles.cpp, line 1167]
Event: 0.722 Thread 0x0000000002e7e800 Implicit null exception at 0x000000000355cf95 to 0x000000000355d14d

Events (10 events):
Event: 314.018 Thread 0x00000000195f7000 Thread added: 0x00000000195f7000
Event: 314.018 Thread 0x00000000195f7800 Thread added: 0x00000000195f7800
Event: 314.021 loading class java/util/WeakHashMap$KeyIterator
Event: 314.021 loading class java/util/WeakHashMap$HashIterator
Event: 314.022 loading class java/util/WeakHashMap$HashIterator done
Event: 314.022 loading class java/util/WeakHashMap$KeyIterator done
Event: 314.022 Thread 0x00000000195f7800 Thread exited: 0x00000000195f7800
Event: 314.052 Thread 0x00000000195f7000 Thread exited: 0x00000000195f7000
Event: 314.053 Thread 0x0000000017de5000 Thread exited: 0x0000000017de5000
Event: 314.053 Executing VM operation: Exit


Dynamic libraries:
0x00007ff67cbb0000 - 0x00007ff67cbe7000 	C:\Program Files\Java\jdk1.8.0_241\bin\java.exe
0x00007ffcaaf40000 - 0x00007ffcab149000 	C:\WINDOWS\SYSTEM32\ntdll.dll
0x00007ffca92e0000 - 0x00007ffca939d000 	C:\WINDOWS\System32\KERNEL32.DLL
0x00007ffca8490000 - 0x00007ffca880b000 	C:\WINDOWS\System32\KERNELBASE.dll
0x00007ffcaad70000 - 0x00007ffcaae1e000 	C:\WINDOWS\System32\ADVAPI32.dll
0x00007ffcaa760000 - 0x00007ffcaa803000 	C:\WINDOWS\System32\msvcrt.dll
0x00007ffcaa180000 - 0x00007ffcaa21e000 	C:\WINDOWS\System32\sechost.dll
0x00007ffcaa880000 - 0x00007ffcaa9a0000 	C:\WINDOWS\System32\RPCRT4.dll
0x00007ffca8dc0000 - 0x00007ffca8f6d000 	C:\WINDOWS\System32\USER32.dll
0x00007ffca8b00000 - 0x00007ffca8b26000 	C:\WINDOWS\System32\win32u.dll
0x00007ffcaa810000 - 0x00007ffcaa839000 	C:\WINDOWS\System32\GDI32.dll
0x00007ffca88b0000 - 0x00007ffca89c8000 	C:\WINDOWS\System32\gdi32full.dll
0x00007ffca8810000 - 0x00007ffca88ad000 	C:\WINDOWS\System32\msvcp_win.dll
0x00007ffca8b30000 - 0x00007ffca8c41000 	C:\WINDOWS\System32\ucrtbase.dll
0x00007ffc84430000 - 0x00007ffc846d5000 	C:\WINDOWS\WinSxS\amd64_microsoft.windows.common-controls_6595b64144ccf1df_6.0.22000.120_none_9d947278b86cc467\COMCTL32.dll
0x00007ffcaa840000 - 0x00007ffcaa871000 	C:\WINDOWS\System32\IMM32.DLL
0x000000006e3b0000 - 0x000000006e482000 	C:\Program Files\Java\jdk1.8.0_241\jre\bin\msvcr100.dll
0x000000006db00000 - 0x000000006e3ac000 	C:\Program Files\Java\jdk1.8.0_241\jre\bin\server\jvm.dll
0x00007ffca8fd0000 - 0x00007ffca8fd8000 	C:\WINDOWS\System32\PSAPI.DLL
0x00007ffc89490000 - 0x00007ffc89499000 	C:\WINDOWS\SYSTEM32\WSOCK32.dll
0x00007ffca3d80000 - 0x00007ffca3db3000 	C:\WINDOWS\SYSTEM32\WINMM.dll
0x00007ffca9430000 - 0x00007ffca949f000 	C:\WINDOWS\System32\WS2_32.dll
0x00007ffc9db50000 - 0x00007ffc9db5a000 	C:\WINDOWS\SYSTEM32\VERSION.dll
0x00007ffca53c0000 - 0x00007ffca53cf000 	C:\Program Files\Java\jdk1.8.0_241\jre\bin\verify.dll
0x00007ffc9f920000 - 0x00007ffc9f949000 	C:\Program Files\Java\jdk1.8.0_241\jre\bin\java.dll
0x00007ffc91c80000 - 0x00007ffc91ca3000 	C:\Program Files\Java\jdk1.8.0_241\jre\bin\instrument.dll
0x00007ffca53a0000 - 0x00007ffca53b6000 	C:\Program Files\Java\jdk1.8.0_241\jre\bin\zip.dll
0x00007ffca99b0000 - 0x00007ffcaa168000 	C:\WINDOWS\System32\SHELL32.dll
0x00007ffca64e0000 - 0x00007ffca6d45000 	C:\WINDOWS\SYSTEM32\windows.storage.dll
0x00007ffcaa3e0000 - 0x00007ffcaa757000 	C:\WINDOWS\System32\combase.dll
0x00007ffca6370000 - 0x00007ffca64d6000 	C:\WINDOWS\SYSTEM32\wintypes.dll
0x00007ffcaab60000 - 0x00007ffcaac4a000 	C:\WINDOWS\System32\SHCORE.dll
0x00007ffca8f70000 - 0x00007ffca8fcd000 	C:\WINDOWS\System32\shlwapi.dll
0x00007ffca8340000 - 0x00007ffca8361000 	C:\WINDOWS\SYSTEM32\profapi.dll
0x00007ffc91a80000 - 0x00007ffc91a9a000 	C:\Program Files\JetBrains\IntelliJ IDEA Community Edition 2022.1.1\bin\breakgen64.dll
0x00007ffc91850000 - 0x00007ffc9186a000 	C:\Program Files\Java\jdk1.8.0_241\jre\bin\net.dll
0x00007ffca7910000 - 0x00007ffca7977000 	C:\WINDOWS\system32\mswsock.dll
0x0000000180000000 - 0x0000000180053000 	C:\Users\zunf1\Documents\GitHub\MC2D\libs\natives\lwjgl64.dll
0x00007ffc7d590000 - 0x00007ffc7d691000 	C:\WINDOWS\SYSTEM32\OPENGL32.dll
0x00007ffc7d520000 - 0x00007ffc7d54d000 	C:\WINDOWS\SYSTEM32\GLU32.dll
0x00007ffca5810000 - 0x00007ffca5848000 	C:\WINDOWS\SYSTEM32\dxcore.dll
0x00007ffca4330000 - 0x00007ffca43e8000 	C:\WINDOWS\SYSTEM32\mscms.dll
0x00007ffca7ff0000 - 0x00007ffca803c000 	C:\WINDOWS\SYSTEM32\cfgmgr32.dll
0x00007ffca7ce0000 - 0x00007ffca7d07000 	C:\WINDOWS\SYSTEM32\bcrypt.dll
0x00007ffca7470000 - 0x00007ffca7488000 	C:\WINDOWS\SYSTEM32\kernel.appcore.dll
0x00007ffca8410000 - 0x00007ffca848f000 	C:\WINDOWS\System32\bcryptPrimitives.dll
0x00007ffcaacb0000 - 0x00007ffcaad65000 	C:\WINDOWS\System32\clbcatq.dll
0x00007ffcaae20000 - 0x00007ffcaaef6000 	C:\WINDOWS\System32\OLEAUT32.dll
0x00007ffca5710000 - 0x00007ffca57bc000 	C:\WINDOWS\system32\uxtheme.dll
0x00007ffca9060000 - 0x00007ffca917d000 	C:\WINDOWS\System32\MSCTF.dll
0x00007ffc7cd10000 - 0x00007ffc7ce3d000 	C:\WINDOWS\SYSTEM32\textinputframework.dll
0x00007ffc9f380000 - 0x00007ffc9f4b1000 	C:\WINDOWS\SYSTEM32\CoreMessaging.dll
0x00007ffc9d140000 - 0x00007ffc9d4ad000 	C:\WINDOWS\SYSTEM32\CoreUIComponents.dll
0x00007ffca7b50000 - 0x00007ffca7b5c000 	C:\WINDOWS\SYSTEM32\CRYPTBASE.DLL
0x00007ffc9db00000 - 0x00007ffc9db44000 	C:\WINDOWS\SYSTEM32\directxdatabasehelper.dll
0x00007ffca7490000 - 0x00007ffca74c4000 	C:\WINDOWS\SYSTEM32\ntmarta.dll
0x00007ffbc66f0000 - 0x00007ffbc76c8000 	C:\WINDOWS\System32\DriverStore\FileRepository\iigd_dch.inf_amd64_c529b210005a7e19\igxelpicd64.dll
0x00007ffcaa240000 - 0x00007ffcaa3da000 	C:\WINDOWS\System32\ole32.dll
0x00007ffca5a70000 - 0x00007ffca5a9f000 	C:\WINDOWS\system32\dwmapi.dll
0x00007ffca5850000 - 0x00007ffca5943000 	C:\WINDOWS\system32\dxgi.dll
0x00007ffbeeb30000 - 0x00007ffbeec6e000 	C:\WINDOWS\System32\DriverStore\FileRepository\iigd_dch.inf_amd64_c529b210005a7e19\igdml64.dll
0x00007ffc99130000 - 0x00007ffc99520000 	C:\WINDOWS\System32\DriverStore\FileRepository\iigd_dch.inf_amd64_c529b210005a7e19\igdgmm64.dll
0x00007ffc00ff0000 - 0x00007ffc01034000 	C:\WINDOWS\SYSTEM32\icm32.dll
0x00007ffc94a80000 - 0x00007ffc990c4000 	C:\WINDOWS\System32\DriverStore\FileRepository\iigd_dch.inf_amd64_c529b210005a7e19\igc64.dll
0x00007ffca82e0000 - 0x00007ffca832d000 	C:\WINDOWS\SYSTEM32\powrprof.dll
0x00007ffca82c0000 - 0x00007ffca82d3000 	C:\WINDOWS\SYSTEM32\UMPDC.dll
0x00007ffbe54a0000 - 0x00007ffbe563a000 	C:\Program Files\Java\jdk1.8.0_241\jre\bin\awt.dll
0x00007ffc9f950000 - 0x00007ffc9f9e2000 	C:\WINDOWS\SYSTEM32\apphelp.dll
0x00007ffca7b60000 - 0x00007ffca7b78000 	C:\WINDOWS\SYSTEM32\CRYPTSP.dll
0x00007ffca73d0000 - 0x00007ffca7405000 	C:\WINDOWS\system32\rsaenh.dll
0x00007ffca7a00000 - 0x00007ffca7a29000 	C:\WINDOWS\SYSTEM32\USERENV.dll
0x00007ffca6f90000 - 0x00007ffca6fbd000 	C:\WINDOWS\SYSTEM32\IPHLPAPI.DLL
0x00007ffca9530000 - 0x00007ffca9539000 	C:\WINDOWS\System32\NSI.dll
0x00007ffca4b40000 - 0x00007ffca4b59000 	C:\WINDOWS\SYSTEM32\dhcpcsvc6.DLL
0x00007ffca4d80000 - 0x00007ffca4d9e000 	C:\WINDOWS\SYSTEM32\dhcpcsvc.DLL
0x00007ffca6fc0000 - 0x00007ffca70a8000 	C:\WINDOWS\SYSTEM32\DNSAPI.dll
0x00007ffc91730000 - 0x00007ffc91742000 	C:\Program Files\Java\jdk1.8.0_241\jre\bin\nio.dll
0x00007ffc9aca0000 - 0x00007ffc9acea000 	C:\Windows\System32\Windows.Internal.Graphics.Display.DisplayColorManagement.dll
0x00007ffca6050000 - 0x00007ffca6271000 	C:\WINDOWS\SYSTEM32\dbghelp.dll

VM Arguments:
jvm_args: -Djava.library.path=C:\Users\zunf1\Documents\GitHub\MC2D\libs\natives -javaagent:C:\Program Files\JetBrains\IntelliJ IDEA Community Edition 2022.1.1\lib\idea_rt.jar=62058:C:\Program Files\JetBrains\IntelliJ IDEA Community Edition 2022.1.1\bin -Dfile.encoding=UTF-8 
java_command: fr.zunf1x.mc2d.Start
java_class_path (initial): C:\Program Files\Java\jdk1.8.0_241\jre\lib\charsets.jar;C:\Program Files\Java\jdk1.8.0_241\jre\lib\deploy.jar;C:\Program Files\Java\jdk1.8.0_241\jre\lib\ext\access-bridge-64.jar;C:\Program Files\Java\jdk1.8.0_241\jre\lib\ext\cldrdata.jar;C:\Program Files\Java\jdk1.8.0_241\jre\lib\ext\dnsns.jar;C:\Program Files\Java\jdk1.8.0_241\jre\lib\ext\jaccess.jar;C:\Program Files\Java\jdk1.8.0_241\jre\lib\ext\jfxrt.jar;C:\Program Files\Java\jdk1.8.0_241\jre\lib\ext\localedata.jar;C:\Program Files\Java\jdk1.8.0_241\jre\lib\ext\nashorn.jar;C:\Program Files\Java\jdk1.8.0_241\jre\lib\ext\sunec.jar;C:\Program Files\Java\jdk1.8.0_241\jre\lib\ext\sunjce_provider.jar;C:\Program Files\Java\jdk1.8.0_241\jre\lib\ext\sunmscapi.jar;C:\Program Files\Java\jdk1.8.0_241\jre\lib\ext\sunpkcs11.jar;C:\Program Files\Java\jdk1.8.0_241\jre\lib\ext\zipfs.jar;C:\Program Files\Java\jdk1.8.0_241\jre\lib\javaws.jar;C:\Program Files\Java\jdk1.8.0_241\jre\lib\jce.jar;C:\Program Files\Java\jdk1.8.0_241\jre\lib\jfr.jar;C:\Program Files\Java\jdk1.8.0_241\jre\lib\jfxswt.jar;C:\Program Files\Java\jdk1.8.0_241\jre\lib\jsse.jar;C:\Program Files\Java\jdk1.8.0_241\jre\lib\management-agent.jar;C:\Program Files\Java\jdk1.8.0_241\jre\lib\plugin.jar;C:\Program Files\Java\jdk1.8.0_241\jre\lib\resources.jar;C:\Program Files\Java\jdk1.8.0_241\jre\lib\rt.jar;C:\Users\zunf1\Documents\GitHub\MC2D\out\production\MC2D;C:\Users\zunf1\Documents\GitHub\MC2D\libs\lwjgl.jar;C:\Users\zunf1\Documents\GitHub\MC2D\libs\lwjgl_util.jar;C:\Users\zunf1\Documents\GitHub\MC2D\assets;C:\Program Files\JetBrains\IntelliJ IDEA Community Edition 2022.1.1\lib\idea_rt.jar
Launcher Type: SUN_STANDARD

Environment Variables:
JAVA_HOME=C:\Program Files\Java\jdk1.8.0_241
PATH=C:\Program Files (x86)\VMware\VMware Player\bin\;C:\Windows\system32;C:\Windows;C:\Windows\System32\Wbem;C:\Windows\System32\WindowsPowerShell\v1.0\;C:\Windows\System32\OpenSSH\;C:\Program Files\Java\jdk-18.0.1.1\bin;C:\Program Files\Microsoft SQL Server\150\Tools\Binn\;C:\Program Files\Microsoft SQL Server\Client SDK\ODBC\170\Tools\Binn\;C:\Program Files\dotnet\;C:\Program Files\Git\cmd;C:\WINDOWS\system32;C:\WINDOWS;C:\WINDOWS\System32\Wbem;C:\WINDOWS\System32\WindowsPowerShell\v1.0\;C:\WINDOWS\System32\OpenSSH\;C:\Users\zunf1\AppData\Local\Programs\Python\Python310\Scripts\;C:\Users\zunf1\AppData\Local\Programs\Python\Python310\;C:\Users\zunf1\AppData\Local\Microsoft\WindowsApps;C:\Program Files\Java\jdk-18.0.1.1\bin;C:\Program Files\JetBrains\IntelliJ IDEA Community Edition 2022.1.1\bin;;C:\Users\zunf1\AppData\Local\Programs\Microsoft VS Code\bin;C:\Users\zunf1\.dotnet\tools;C:\Users\zunf1\AppData\Local\GitHubDesktop\bin;
USERNAME=ZunF1x
OS=Windows_NT
PROCESSOR_IDENTIFIER=Intel64 Family 6 Model 140 Stepping 1, GenuineIntel



---------------  S Y S T E M  ---------------

OS: Windows 10.0 , 64 bit Build 22000 (10.0.22000.708)

CPU:total 4 (initial active 4) (2 cores per cpu, 2 threads per core) family 6 model 140 stepping 1, cmov, cx8, fxsr, mmx, sse, sse2, sse3, ssse3, sse4.1, sse4.2, popcnt, avx, avx2, aes, clmul, erms, 3dnowpref, lzcnt, ht, tsc, tscinvbit, bmi1, bmi2, adx

Memory: 4k page, physical 8170808k(1279464k free), swap 16341616k(4656144k free)

vm_info: Java HotSpot(TM) 64-Bit Server VM (25.241-b07) for windows-amd64 JRE (1.8.0_241-b07), built on Dec 11 2019 10:21:40 by "rejava" with MS VC++ 10.0 (VS2010)

time: Thu Oct 27 00:47:00 2022
timezone: Paris, Madrid (heure d’été)
elapsed time: 314 seconds (0d 0h 5m 14s)

