#
# A fatal error has been detected by the Java Runtime Environment:
#
#  EXCEPTION_ACCESS_VIOLATION (0xc0000005) at pc=0x00007ffbd719c3a2, pid=30436, tid=0x00000000000068bc
#
# JRE version: Java(TM) SE Runtime Environment (8.0_241-b07) (build 1.8.0_241-b07)
# Java VM: Java HotSpot(TM) 64-Bit Server VM (25.241-b07 mixed mode windows-amd64 compressed oops)
# Problematic frame:
# C  [igxelpicd64.dll+0x2bc3a2]
#
# Failed to write core dump. Minidumps are not enabled by default on client versions of Windows
#
# If you would like to submit a bug report, please visit:
#   http://bugreport.java.com/bugreport/crash.jsp
#

---------------  T H R E A D  ---------------

Current thread (0x0000000017327000):  VMThread [stack: 0x00000000183b0000,0x00000000184b0000] [id=26812]

siginfo: ExceptionCode=0xc0000005, reading address 0x0000000000035888

Registers:
RAX=0x000000001afb5098, RBX=0x000000001afb4f90, RCX=0x0000000000000000, RDX=0x00000000fffffff0
RSP=0x00000000184aebe0, RBP=0x0000000000000000, RSI=0x000000001afb5560, RDI=0x000000001a6ee7f0
R8 =0x0000000000000014, R9 =0x0000000000000000, R10=0x0000000000000000, R11=0x0000000000000246
R12=0x000000001a62a300, R13=0x00000000203f3700, R14=0x0000000000af3200, R15=0x0000000000000016
RIP=0x00007ffbd719c3a2, EFLAGS=0x0000000000010202

Top of Stack: (sp=0x00000000184aebe0)
0x00000000184aebe0:   00000000008142c0 0000000000000000
0x00000000184aebf0:   8ebb00e9f9ba01e8 00007ffcaafe7ad4
0x00000000184aec00:   38bd01e50dbd012a dfbd01d4aebd008f
0x00000000184aec10:   7ebe025cffbd01e6 0cbf025708bf0145
0x00000000184aec20:   0000000000000012 0000000000af3226
0x00000000184aec30:   0000b802001a0000 000000001a62a318
0x00000000184aec40:   0000000000000000 0000000000000000
0x00000000184aec50:   00000000184aed60 00007ffbd718bdb7
0x00000000184aec60:   00000000008142c0 000000001a6ee7f0
0x00000000184aec70:   cfc8018c7cc80100 38c9012d26c90100
0x00000000184aec80:   000000000000075c 49cc01e800000000
0x00000000184aec90:   0000000000000000 b9cd01d4aecd026e
0x00000000184aeca0:   9fcf00aa74cf026d 0ad00165f3cf01d2
0x00000000184aecb0:   72d0005617d001ba f6d00195a5d0005b
0x00000000184aecc0:   d2d1007b9ad101e4 b1d2023495d200a7
0x00000000184aecd0:   e8d3006182d3022e 97d4019a48d4008d 

Instructions: (pc=0x00007ffbd719c3a2)
0x00007ffbd719c382:   83 74 01 00 00 4a 8d 04 cd 21 00 00 00 49 03 c1
0x00007ffbd719c392:   48 8d 04 c3 48 85 c0 0f 85 4a 01 00 00 49 8b ca
0x00007ffbd719c3a2:   48 3b 8d 88 58 03 00 0f 87 a8 4c 6c 00 48 8d 93
0x00007ffbd719c3b2:   08 01 00 00 4c 39 93 48 06 00 00 0f 85 13 4e 6c 


Register to memory mapping:

RAX=0x000000001afb5098 is an unknown value
RBX=0x000000001afb4f90 is an unknown value
RCX=0x0000000000000000 is an unknown value
RDX=0x00000000fffffff0 is an unallocated location in the heap
RSP=0x00000000184aebe0 is an unknown value
RBP=0x0000000000000000 is an unknown value
RSI=0x000000001afb5560 is an unknown value
RDI=0x000000001a6ee7f0 is an unknown value
R8 =0x0000000000000014 is an unknown value
R9 =0x0000000000000000 is an unknown value
R10=0x0000000000000000 is an unknown value
R11=0x0000000000000246 is an unknown value
R12=0x000000001a62a300 is an unknown value
R13=0x00000000203f3700 is an unknown value
R14=0x0000000000af3200 is an unknown value
R15=0x0000000000000016 is an unknown value


Stack: [0x00000000183b0000,0x00000000184b0000],  sp=0x00000000184aebe0,  free space=1018k
Native frames: (J=compiled Java code, j=interpreted, Vv=VM code, C=native code)

VM_Operation (0x0000000000a4f100): Exit, mode: safepoint, requested by thread 0x000000002169b000


---------------  P R O C E S S  ---------------

Java Threads: ( => current thread )
  0x000000002169b000 JavaThread "SIGINT handler" daemon [_thread_blocked, id=10548, stack(0x0000000000950000,0x0000000000a50000)]
  0x0000000021465800 JavaThread "Java2D Disposer" daemon [_thread_blocked, id=6564, stack(0x0000000021c80000,0x0000000021d80000)]
  0x0000000018acd000 JavaThread "Service Thread" daemon [_thread_blocked, id=12044, stack(0x00000000191e0000,0x00000000192e0000)]
  0x0000000018a82800 JavaThread "C1 CompilerThread2" daemon [_thread_blocked, id=30612, stack(0x00000000190e0000,0x00000000191e0000)]
  0x0000000018a2b000 JavaThread "C2 CompilerThread1" daemon [_thread_blocked, id=2584, stack(0x0000000018fe0000,0x00000000190e0000)]
  0x0000000018a28000 JavaThread "C2 CompilerThread0" daemon [_thread_blocked, id=9408, stack(0x0000000018ee0000,0x0000000018fe0000)]
  0x0000000018a26800 JavaThread "Monitor Ctrl-Break" daemon [_thread_in_native, id=31192, stack(0x0000000018de0000,0x0000000018ee0000)]
  0x0000000017367800 JavaThread "Attach Listener" daemon [_thread_blocked, id=31164, stack(0x00000000188e0000,0x00000000189e0000)]
  0x000000000291b800 JavaThread "Finalizer" daemon [_thread_blocked, id=14404, stack(0x00000000185b0000,0x00000000186b0000)]
  0x0000000002913000 JavaThread "Reference Handler" daemon [_thread_blocked, id=23364, stack(0x00000000184b0000,0x00000000185b0000)]
  0x0000000000cfe800 JavaThread "main" [_thread_blocked, id=9220, stack(0x00000000024d0000,0x00000000025d0000)]

Other Threads:
=>0x0000000017327000 VMThread [stack: 0x00000000183b0000,0x00000000184b0000] [id=26812]

VM state:at safepoint (shutting down)

VM Mutex/Monitor currently owned by a thread:  ([mutex/lock_event])
[0x0000000002820450] Threads_lock - owner thread: 0x0000000017327000

heap address: 0x0000000083400000, size: 1996 MB, Compressed Oops mode: 32-bit
Narrow klass base: 0x0000000000000000, Narrow klass shift: 3
Compressed class space size: 1073741824 Address: 0x0000000100000000

Heap:
 PSYoungGen      total 24576K, used 1077K [0x00000000d6700000, 0x00000000d8000000, 0x0000000100000000)
  eden space 24064K, 3% used [0x00000000d6700000,0x00000000d67ed4c8,0x00000000d7e80000)
  from space 512K, 25% used [0x00000000d7f80000,0x00000000d7fa0000,0x00000000d8000000)
  to   space 512K, 0% used [0x00000000d7f00000,0x00000000d7f00000,0x00000000d7f80000)
 ParOldGen       total 86016K, used 2845K [0x0000000083400000, 0x0000000088800000, 0x00000000d6700000)
  object space 86016K, 3% used [0x0000000083400000,0x00000000836c7708,0x0000000088800000)
 Metaspace       used 8180K, capacity 8347K, committed 8704K, reserved 1056768K
  class space    used 829K, capacity 922K, committed 1024K, reserved 1048576K

Card table byte_map: [0x0000000011ce0000,0x00000000120d0000] byte_map_base: 0x00000000118c6000

Marking Bits: (ParMarkBitMap*) 0x000000006e32be30
 Begin Bits: [0x0000000012770000, 0x00000000146a0000)
 End Bits:   [0x00000000146a0000, 0x00000000165d0000)

Polling page: 0x0000000000c90000

CodeCache: size=245760Kb used=4518Kb max_used=4526Kb free=241241Kb
 bounds [0x0000000002920000, 0x0000000002da0000, 0x0000000011920000]
 total_blobs=1460 nmethods=1006 adapters=367
 compilation: enabled

Compilation events (10 events):
Event: 89.241 Thread 0x0000000018a28000 1002   !   4       org.lwjgl.input.Mouse::next (235 bytes)
Event: 89.250 Thread 0x0000000018a28000 nmethod 1002 0x0000000002d79350 code [0x0000000002d79560, 0x0000000002d79cd0]
Event: 89.936 Thread 0x0000000018a2b000 1003       4       fr.zunf1x.mc2d.game.Game::update (861 bytes)
Event: 89.936 Thread 0x0000000018a28000 1004       4       fr.zunf1x.mc2d.game.EntityManager::update (40 bytes)
Event: 89.938 Thread 0x0000000018a28000 nmethod 1004 0x0000000002d69950 code [0x0000000002d69ac0, 0x0000000002d69ca8]
Event: 89.938 Thread 0x0000000018a28000 1005   !   4       org.lwjgl.input.Keyboard::next (60 bytes)
Event: 89.939 Thread 0x0000000018a28000 nmethod 1005 0x0000000002d69450 code [0x0000000002d695a0, 0x0000000002d69818]
Event: 89.973 Thread 0x0000000018a2b000 nmethod 1003 0x0000000002d8d090 code [0x0000000002d8d5e0, 0x0000000002d90478]
Event: 94.449 Thread 0x0000000018a28000 1006 %     4       fr.zunf1x.mc2d.MC2D::loop @ 18 (143 bytes)
Event: 94.466 Thread 0x0000000018a28000 nmethod 1006% 0x0000000002d88150 code [0x0000000002d88420, 0x0000000002d89a28]

GC Heap History (10 events):
Event: 116.195 GC heap before
{Heap before GC invocations=438 (full 0):
 PSYoungGen      total 24576K, used 24064K [0x00000000d6700000, 0x00000000d8000000, 0x0000000100000000)
  eden space 24064K, 100% used [0x00000000d6700000,0x00000000d7e80000,0x00000000d7e80000)
  from space 512K, 0% used [0x00000000d7f00000,0x00000000d7f00000,0x00000000d7f80000)
  to   space 512K, 0% used [0x00000000d7f80000,0x00000000d7f80000,0x00000000d8000000)
 ParOldGen       total 86016K, used 2845K [0x0000000083400000, 0x0000000088800000, 0x00000000d6700000)
  object space 86016K, 3% used [0x0000000083400000,0x00000000836c7708,0x0000000088800000)
 Metaspace       used 8158K, capacity 8315K, committed 8576K, reserved 1056768K
  class space    used 824K, capacity 890K, committed 896K, reserved 1048576K
Event: 116.196 GC heap after
Heap after GC invocations=438 (full 0):
 PSYoungGen      total 24576K, used 0K [0x00000000d6700000, 0x00000000d8000000, 0x0000000100000000)
  eden space 24064K, 0% used [0x00000000d6700000,0x00000000d6700000,0x00000000d7e80000)
  from space 512K, 0% used [0x00000000d7f80000,0x00000000d7f80000,0x00000000d8000000)
  to   space 512K, 0% used [0x00000000d7f00000,0x00000000d7f00000,0x00000000d7f80000)
 ParOldGen       total 86016K, used 2845K [0x0000000083400000, 0x0000000088800000, 0x00000000d6700000)
  object space 86016K, 3% used [0x0000000083400000,0x00000000836c7708,0x0000000088800000)
 Metaspace       used 8158K, capacity 8315K, committed 8576K, reserved 1056768K
  class space    used 824K, capacity 890K, committed 896K, reserved 1048576K
}
Event: 116.420 GC heap before
{Heap before GC invocations=439 (full 0):
 PSYoungGen      total 24576K, used 24064K [0x00000000d6700000, 0x00000000d8000000, 0x0000000100000000)
  eden space 24064K, 100% used [0x00000000d6700000,0x00000000d7e80000,0x00000000d7e80000)
  from space 512K, 0% used [0x00000000d7f80000,0x00000000d7f80000,0x00000000d8000000)
  to   space 512K, 0% used [0x00000000d7f00000,0x00000000d7f00000,0x00000000d7f80000)
 ParOldGen       total 86016K, used 2845K [0x0000000083400000, 0x0000000088800000, 0x00000000d6700000)
  object space 86016K, 3% used [0x0000000083400000,0x00000000836c7708,0x0000000088800000)
 Metaspace       used 8158K, capacity 8315K, committed 8576K, reserved 1056768K
  class space    used 824K, capacity 890K, committed 896K, reserved 1048576K
Event: 116.421 GC heap after
Heap after GC invocations=439 (full 0):
 PSYoungGen      total 24576K, used 0K [0x00000000d6700000, 0x00000000d8000000, 0x0000000100000000)
  eden space 24064K, 0% used [0x00000000d6700000,0x00000000d6700000,0x00000000d7e80000)
  from space 512K, 0% used [0x00000000d7f00000,0x00000000d7f00000,0x00000000d7f80000)
  to   space 512K, 0% used [0x00000000d7f80000,0x00000000d7f80000,0x00000000d8000000)
 ParOldGen       total 86016K, used 2845K [0x0000000083400000, 0x0000000088800000, 0x00000000d6700000)
  object space 86016K, 3% used [0x0000000083400000,0x00000000836c7708,0x0000000088800000)
 Metaspace       used 8158K, capacity 8315K, committed 8576K, reserved 1056768K
  class space    used 824K, capacity 890K, committed 896K, reserved 1048576K
}
Event: 116.633 GC heap before
{Heap before GC invocations=440 (full 0):
 PSYoungGen      total 24576K, used 24064K [0x00000000d6700000, 0x00000000d8000000, 0x0000000100000000)
  eden space 24064K, 100% used [0x00000000d6700000,0x00000000d7e80000,0x00000000d7e80000)
  from space 512K, 0% used [0x00000000d7f00000,0x00000000d7f00000,0x00000000d7f80000)
  to   space 512K, 0% used [0x00000000d7f80000,0x00000000d7f80000,0x00000000d8000000)
 ParOldGen       total 86016K, used 2845K [0x0000000083400000, 0x0000000088800000, 0x00000000d6700000)
  object space 86016K, 3% used [0x0000000083400000,0x00000000836c7708,0x0000000088800000)
 Metaspace       used 8158K, capacity 8315K, committed 8576K, reserved 1056768K
  class space    used 824K, capacity 890K, committed 896K, reserved 1048576K
Event: 116.633 GC heap after
Heap after GC invocations=440 (full 0):
 PSYoungGen      total 24576K, used 0K [0x00000000d6700000, 0x00000000d8000000, 0x0000000100000000)
  eden space 24064K, 0% used [0x00000000d6700000,0x00000000d6700000,0x00000000d7e80000)
  from space 512K, 0% used [0x00000000d7f80000,0x00000000d7f80000,0x00000000d8000000)
  to   space 512K, 0% used [0x00000000d7f00000,0x00000000d7f00000,0x00000000d7f80000)
 ParOldGen       total 86016K, used 2845K [0x0000000083400000, 0x0000000088800000, 0x00000000d6700000)
  object space 86016K, 3% used [0x0000000083400000,0x00000000836c7708,0x0000000088800000)
 Metaspace       used 8158K, capacity 8315K, committed 8576K, reserved 1056768K
  class space    used 824K, capacity 890K, committed 896K, reserved 1048576K
}
Event: 116.835 GC heap before
{Heap before GC invocations=441 (full 0):
 PSYoungGen      total 24576K, used 24064K [0x00000000d6700000, 0x00000000d8000000, 0x0000000100000000)
  eden space 24064K, 100% used [0x00000000d6700000,0x00000000d7e80000,0x00000000d7e80000)
  from space 512K, 0% used [0x00000000d7f80000,0x00000000d7f80000,0x00000000d8000000)
  to   space 512K, 0% used [0x00000000d7f00000,0x00000000d7f00000,0x00000000d7f80000)
 ParOldGen       total 86016K, used 2845K [0x0000000083400000, 0x0000000088800000, 0x00000000d6700000)
  object space 86016K, 3% used [0x0000000083400000,0x00000000836c7708,0x0000000088800000)
 Metaspace       used 8158K, capacity 8315K, committed 8576K, reserved 1056768K
  class space    used 824K, capacity 890K, committed 896K, reserved 1048576K
Event: 116.835 GC heap after
Heap after GC invocations=441 (full 0):
 PSYoungGen      total 24576K, used 0K [0x00000000d6700000, 0x00000000d8000000, 0x0000000100000000)
  eden space 24064K, 0% used [0x00000000d6700000,0x00000000d6700000,0x00000000d7e80000)
  from space 512K, 0% used [0x00000000d7f00000,0x00000000d7f00000,0x00000000d7f80000)
  to   space 512K, 0% used [0x00000000d7f80000,0x00000000d7f80000,0x00000000d8000000)
 ParOldGen       total 86016K, used 2845K [0x0000000083400000, 0x0000000088800000, 0x00000000d6700000)
  object space 86016K, 3% used [0x0000000083400000,0x00000000836c7708,0x0000000088800000)
 Metaspace       used 8158K, capacity 8315K, committed 8576K, reserved 1056768K
  class space    used 824K, capacity 890K, committed 896K, reserved 1048576K
}
Event: 117.024 GC heap before
{Heap before GC invocations=442 (full 0):
 PSYoungGen      total 24576K, used 24064K [0x00000000d6700000, 0x00000000d8000000, 0x0000000100000000)
  eden space 24064K, 100% used [0x00000000d6700000,0x00000000d7e80000,0x00000000d7e80000)
  from space 512K, 0% used [0x00000000d7f00000,0x00000000d7f00000,0x00000000d7f80000)
  to   space 512K, 0% used [0x00000000d7f80000,0x00000000d7f80000,0x00000000d8000000)
 ParOldGen       total 86016K, used 2845K [0x0000000083400000, 0x0000000088800000, 0x00000000d6700000)
  object space 86016K, 3% used [0x0000000083400000,0x00000000836c7708,0x0000000088800000)
 Metaspace       used 8173K, capacity 8347K, committed 8704K, reserved 1056768K
  class space    used 827K, capacity 922K, committed 1024K, reserved 1048576K
Event: 117.024 GC heap after
Heap after GC invocations=442 (full 0):
 PSYoungGen      total 24576K, used 128K [0x00000000d6700000, 0x00000000d8000000, 0x0000000100000000)
  eden space 24064K, 0% used [0x00000000d6700000,0x00000000d6700000,0x00000000d7e80000)
  from space 512K, 25% used [0x00000000d7f80000,0x00000000d7fa0000,0x00000000d8000000)
  to   space 512K, 0% used [0x00000000d7f00000,0x00000000d7f00000,0x00000000d7f80000)
 ParOldGen       total 86016K, used 2845K [0x0000000083400000, 0x0000000088800000, 0x00000000d6700000)
  object space 86016K, 3% used [0x0000000083400000,0x00000000836c7708,0x0000000088800000)
 Metaspace       used 8173K, capacity 8347K, committed 8704K, reserved 1056768K
  class space    used 827K, capacity 922K, committed 1024K, reserved 1048576K
}

Deoptimization events (10 events):
Event: 2.720 Thread 0x0000000000cfe800 Uncommon trap: reason=class_check action=maybe_recompile pc=0x0000000002d17e6c method=fr.zunf1x.mc2d.game.level.BlockPlacer.render(Lfr/zunf1x/mc2d/rendering/Color4f;Lfr/zunf1x/mc2d/game/level/world/World;)V @ 132
Event: 2.721 Thread 0x0000000000cfe800 Uncommon trap: reason=class_check action=maybe_recompile pc=0x0000000002d17e6c method=fr.zunf1x.mc2d.game.level.BlockPlacer.render(Lfr/zunf1x/mc2d/rendering/Color4f;Lfr/zunf1x/mc2d/game/level/world/World;)V @ 132
Event: 2.722 Thread 0x0000000000cfe800 Uncommon trap: reason=class_check action=maybe_recompile pc=0x0000000002d17e6c method=fr.zunf1x.mc2d.game.level.BlockPlacer.render(Lfr/zunf1x/mc2d/rendering/Color4f;Lfr/zunf1x/mc2d/game/level/world/World;)V @ 132
Event: 2.722 Thread 0x0000000000cfe800 Uncommon trap: reason=class_check action=maybe_recompile pc=0x0000000002d17e6c method=fr.zunf1x.mc2d.game.level.BlockPlacer.render(Lfr/zunf1x/mc2d/rendering/Color4f;Lfr/zunf1x/mc2d/game/level/world/World;)V @ 132
Event: 2.905 Thread 0x0000000000cfe800 Uncommon trap: reason=unstable_if action=reinterpret pc=0x0000000002c0ec4c method=fr.zunf1x.mc2d.game.level.entities.Entity.collide(FF)Z @ 316
Event: 8.170 Thread 0x0000000000cfe800 Uncommon trap: reason=unstable_if action=reinterpret pc=0x0000000002cdbcc4 method=fr.zunf1x.mc2d.game.Game.render()V @ 46
Event: 9.855 Thread 0x0000000000cfe800 Uncommon trap: reason=unstable_if action=reinterpret pc=0x0000000002cbf48c method=org.lwjgl.opengl.WindowsDisplay.update()V @ 7
Event: 9.856 Thread 0x0000000000cfe800 Uncommon trap: reason=unstable_if action=reinterpret pc=0x0000000002cb98a8 method=org.lwjgl.opengl.WindowsDisplay.update()V @ 7
Event: 9.857 Thread 0x0000000000cfe800 Uncommon trap: reason=unstable_if action=reinterpret pc=0x0000000002cc4e78 method=org.lwjgl.opengl.WindowsDisplay.update()V @ 7
Event: 82.259 Thread 0x0000000000cfe800 Uncommon trap: reason=unstable_if action=reinterpret pc=0x0000000002d83c38 method=org.lwjgl.opengl.WindowsDisplay.update()V @ 40

Classes redefined (0 events):
No events

Internal exceptions (10 events):
Event: 0.023 Thread 0x0000000000cfe800 Exception <a 'java/lang/NoSuchMethodError': Method sun.misc.Unsafe.defineClass(Ljava/lang/String;[BII)Ljava/lang/Class; name or signature does not match> (0x00000000d6707cc0) thrown at [C:\ade\jenkins\workspace\8-2-build-windows-amd64-cygwin\jdk8u241\331\
Event: 0.023 Thread 0x0000000000cfe800 Exception <a 'java/lang/NoSuchMethodError': Method sun.misc.Unsafe.prefetchRead(Ljava/lang/Object;J)V name or signature does not match> (0x00000000d6707fa8) thrown at [C:\ade\jenkins\workspace\8-2-build-windows-amd64-cygwin\jdk8u241\331\hotspot\src\share\
Event: 0.340 Thread 0x0000000000cfe800 Exception <a 'java/security/PrivilegedActionException'> (0x00000000d6df50e8) thrown at [C:\ade\jenkins\workspace\8-2-build-windows-amd64-cygwin\jdk8u241\331\hotspot\src\share\vm\prims\jvm.cpp, line 1502]
Event: 0.340 Thread 0x0000000000cfe800 Exception <a 'java/security/PrivilegedActionException'> (0x00000000d6df52f8) thrown at [C:\ade\jenkins\workspace\8-2-build-windows-amd64-cygwin\jdk8u241\331\hotspot\src\share\vm\prims\jvm.cpp, line 1502]
Event: 0.341 Thread 0x0000000000cfe800 Exception <a 'java/security/PrivilegedActionException'> (0x00000000d6df9208) thrown at [C:\ade\jenkins\workspace\8-2-build-windows-amd64-cygwin\jdk8u241\331\hotspot\src\share\vm\prims\jvm.cpp, line 1502]
Event: 0.341 Thread 0x0000000000cfe800 Exception <a 'java/security/PrivilegedActionException'> (0x00000000d6df9418) thrown at [C:\ade\jenkins\workspace\8-2-build-windows-amd64-cygwin\jdk8u241\331\hotspot\src\share\vm\prims\jvm.cpp, line 1502]
Event: 0.352 Thread 0x0000000000cfe800 Exception <a 'java/io/FileNotFoundException'> (0x00000000d6e49028) thrown at [C:\ade\jenkins\workspace\8-2-build-windows-amd64-cygwin\jdk8u241\331\hotspot\src\share\vm\prims\jni.cpp, line 710]
Event: 0.380 Thread 0x0000000000cfe800 Exception <a 'java/lang/NoSuchFieldError': method resolution failed> (0x00000000d6f79720) thrown at [C:\ade\jenkins\workspace\8-2-build-windows-amd64-cygwin\jdk8u241\331\hotspot\src\share\vm\prims\methodHandles.cpp, line 1167]
Event: 0.381 Thread 0x0000000000cfe800 Exception <a 'java/lang/NoSuchFieldError': method resolution failed> (0x00000000d6f876e0) thrown at [C:\ade\jenkins\workspace\8-2-build-windows-amd64-cygwin\jdk8u241\331\hotspot\src\share\vm\prims\methodHandles.cpp, line 1167]
Event: 0.578 Thread 0x0000000000cfe800 Implicit null exception at 0x0000000002ade795 to 0x0000000002ade94d

Events (10 events):
Event: 117.024 Executing VM operation: ParallelGCFailedAllocation
Event: 117.024 Executing VM operation: ParallelGCFailedAllocation done
Event: 117.025 loading class java/util/WeakHashMap$KeyIterator
Event: 117.025 loading class java/util/WeakHashMap$HashIterator
Event: 117.025 loading class java/util/WeakHashMap$HashIterator done
Event: 117.025 loading class java/util/WeakHashMap$KeyIterator done
Event: 117.025 Thread 0x000000002169c800 Thread exited: 0x000000002169c800
Event: 117.029 Thread 0x000000002169c000 Thread exited: 0x000000002169c000
Event: 117.029 Thread 0x0000000017366000 Thread exited: 0x0000000017366000
Event: 117.029 Executing VM operation: Exit


Dynamic libraries:
0x00007ff60d4e0000 - 0x00007ff60d517000 	C:\Program Files\Java\jdk1.8.0_241\bin\java.exe
0x00007ffcaaf40000 - 0x00007ffcab149000 	C:\WINDOWS\SYSTEM32\ntdll.dll
0x00007ffca92e0000 - 0x00007ffca939d000 	C:\WINDOWS\System32\KERNEL32.DLL
0x00007ffca8490000 - 0x00007ffca880b000 	C:\WINDOWS\System32\KERNELBASE.dll
0x00007ffcaad70000 - 0x00007ffcaae1e000 	C:\WINDOWS\System32\ADVAPI32.dll
0x00007ffcaa760000 - 0x00007ffcaa803000 	C:\WINDOWS\System32\msvcrt.dll
0x00007ffcaa180000 - 0x00007ffcaa21e000 	C:\WINDOWS\System32\sechost.dll
0x00007ffcaa880000 - 0x00007ffcaa9a0000 	C:\WINDOWS\System32\RPCRT4.dll
0x00007ffca8dc0000 - 0x00007ffca8f6d000 	C:\WINDOWS\System32\USER32.dll
0x00007ffca8b00000 - 0x00007ffca8b26000 	C:\WINDOWS\System32\win32u.dll
0x00007ffcaa810000 - 0x00007ffcaa839000 	C:\WINDOWS\System32\GDI32.dll
0x00007ffca88b0000 - 0x00007ffca89c8000 	C:\WINDOWS\System32\gdi32full.dll
0x00007ffca8810000 - 0x00007ffca88ad000 	C:\WINDOWS\System32\msvcp_win.dll
0x00007ffca8b30000 - 0x00007ffca8c41000 	C:\WINDOWS\System32\ucrtbase.dll
0x00007ffc84430000 - 0x00007ffc846d5000 	C:\WINDOWS\WinSxS\amd64_microsoft.windows.common-controls_6595b64144ccf1df_6.0.22000.120_none_9d947278b86cc467\COMCTL32.dll
0x00007ffcaa840000 - 0x00007ffcaa871000 	C:\WINDOWS\System32\IMM32.DLL
0x000000006e3b0000 - 0x000000006e482000 	C:\Program Files\Java\jdk1.8.0_241\jre\bin\msvcr100.dll
0x000000006db00000 - 0x000000006e3ac000 	C:\Program Files\Java\jdk1.8.0_241\jre\bin\server\jvm.dll
0x00007ffca8fd0000 - 0x00007ffca8fd8000 	C:\WINDOWS\System32\PSAPI.DLL
0x00007ffca3d80000 - 0x00007ffca3db3000 	C:\WINDOWS\SYSTEM32\WINMM.dll
0x00007ffc17180000 - 0x00007ffc17189000 	C:\WINDOWS\SYSTEM32\WSOCK32.dll
0x00007ffc9db50000 - 0x00007ffc9db5a000 	C:\WINDOWS\SYSTEM32\VERSION.dll
0x00007ffca9430000 - 0x00007ffca949f000 	C:\WINDOWS\System32\WS2_32.dll
0x00007ffca53b0000 - 0x00007ffca53bf000 	C:\Program Files\Java\jdk1.8.0_241\jre\bin\verify.dll
0x00007ffca3ed0000 - 0x00007ffca3ef9000 	C:\Program Files\Java\jdk1.8.0_241\jre\bin\java.dll
0x00007ffc91860000 - 0x00007ffc91883000 	C:\Program Files\Java\jdk1.8.0_241\jre\bin\instrument.dll
0x00007ffca5330000 - 0x00007ffca5346000 	C:\Program Files\Java\jdk1.8.0_241\jre\bin\zip.dll
0x00007ffca99b0000 - 0x00007ffcaa168000 	C:\WINDOWS\System32\SHELL32.dll
0x00007ffca64e0000 - 0x00007ffca6d45000 	C:\WINDOWS\SYSTEM32\windows.storage.dll
0x00007ffcaa3e0000 - 0x00007ffcaa757000 	C:\WINDOWS\System32\combase.dll
0x00007ffca6370000 - 0x00007ffca64d6000 	C:\WINDOWS\SYSTEM32\wintypes.dll
0x00007ffcaab60000 - 0x00007ffcaac4a000 	C:\WINDOWS\System32\SHCORE.dll
0x00007ffca8f70000 - 0x00007ffca8fcd000 	C:\WINDOWS\System32\shlwapi.dll
0x00007ffca8340000 - 0x00007ffca8361000 	C:\WINDOWS\SYSTEM32\profapi.dll
0x00007ffca34f0000 - 0x00007ffca350a000 	C:\Program Files\JetBrains\IntelliJ IDEA Community Edition 2022.1.1\bin\breakgen64.dll
0x00007ffc7d8b0000 - 0x00007ffc7d8ca000 	C:\Program Files\Java\jdk1.8.0_241\jre\bin\net.dll
0x00007ffca7910000 - 0x00007ffca7977000 	C:\WINDOWS\system32\mswsock.dll
0x0000000180000000 - 0x0000000180053000 	C:\Users\zunf1\Documents\GitHub\MC2D\libs\natives\lwjgl64.dll
0x00007ffc84ae0000 - 0x00007ffc84be1000 	C:\WINDOWS\SYSTEM32\OPENGL32.dll
0x00007ffc90c30000 - 0x00007ffc90c5d000 	C:\WINDOWS\SYSTEM32\GLU32.dll
0x00007ffca5810000 - 0x00007ffca5848000 	C:\WINDOWS\SYSTEM32\dxcore.dll
0x00007ffca4330000 - 0x00007ffca43e8000 	C:\WINDOWS\SYSTEM32\mscms.dll
0x00007ffca7ce0000 - 0x00007ffca7d07000 	C:\WINDOWS\SYSTEM32\bcrypt.dll
0x00007ffca7ff0000 - 0x00007ffca803c000 	C:\WINDOWS\SYSTEM32\cfgmgr32.dll
0x00007ffca7470000 - 0x00007ffca7488000 	C:\WINDOWS\SYSTEM32\kernel.appcore.dll
0x00007ffca8410000 - 0x00007ffca848f000 	C:\WINDOWS\System32\bcryptPrimitives.dll
0x00007ffcaacb0000 - 0x00007ffcaad65000 	C:\WINDOWS\System32\clbcatq.dll
0x00007ffcaae20000 - 0x00007ffcaaef6000 	C:\WINDOWS\System32\OLEAUT32.dll
0x00007ffca5710000 - 0x00007ffca57bc000 	C:\WINDOWS\system32\uxtheme.dll
0x00007ffca9060000 - 0x00007ffca917d000 	C:\WINDOWS\System32\MSCTF.dll
0x00007ffc7cfd0000 - 0x00007ffc7d0fd000 	C:\WINDOWS\SYSTEM32\textinputframework.dll
0x00007ffc9f380000 - 0x00007ffc9f4b1000 	C:\WINDOWS\SYSTEM32\CoreMessaging.dll
0x00007ffc9d140000 - 0x00007ffc9d4ad000 	C:\WINDOWS\SYSTEM32\CoreUIComponents.dll
0x00007ffca7b50000 - 0x00007ffca7b5c000 	C:\WINDOWS\SYSTEM32\CRYPTBASE.DLL
0x00007ffc9db00000 - 0x00007ffc9db44000 	C:\WINDOWS\SYSTEM32\directxdatabasehelper.dll
0x00007ffca7490000 - 0x00007ffca74c4000 	C:\WINDOWS\SYSTEM32\ntmarta.dll
0x00007ffbd6ee0000 - 0x00007ffbd7eb8000 	C:\WINDOWS\System32\DriverStore\FileRepository\iigd_dch.inf_amd64_c529b210005a7e19\igxelpicd64.dll
0x00007ffcaa240000 - 0x00007ffcaa3da000 	C:\WINDOWS\System32\ole32.dll
0x00007ffca5a70000 - 0x00007ffca5a9f000 	C:\WINDOWS\system32\dwmapi.dll
0x00007ffca5850000 - 0x00007ffca5943000 	C:\WINDOWS\system32\dxgi.dll
0x00007ffbe4c50000 - 0x00007ffbe4d8e000 	C:\WINDOWS\System32\DriverStore\FileRepository\iigd_dch.inf_amd64_c529b210005a7e19\igdml64.dll
0x00007ffc99130000 - 0x00007ffc99520000 	C:\WINDOWS\System32\DriverStore\FileRepository\iigd_dch.inf_amd64_c529b210005a7e19\igdgmm64.dll
0x00007ffc90d90000 - 0x00007ffc90dd4000 	C:\WINDOWS\SYSTEM32\icm32.dll
0x00007ffc94a80000 - 0x00007ffc990c4000 	C:\WINDOWS\System32\DriverStore\FileRepository\iigd_dch.inf_amd64_c529b210005a7e19\igc64.dll
0x00007ffca82e0000 - 0x00007ffca832d000 	C:\WINDOWS\SYSTEM32\powrprof.dll
0x00007ffca82c0000 - 0x00007ffca82d3000 	C:\WINDOWS\SYSTEM32\UMPDC.dll
0x00007ffbe2b30000 - 0x00007ffbe2cca000 	C:\Program Files\Java\jdk1.8.0_241\jre\bin\awt.dll
0x00007ffc9f950000 - 0x00007ffc9f9e2000 	C:\WINDOWS\SYSTEM32\apphelp.dll
0x00007ffca7b60000 - 0x00007ffca7b78000 	C:\WINDOWS\SYSTEM32\CRYPTSP.dll
0x00007ffca73d0000 - 0x00007ffca7405000 	C:\WINDOWS\system32\rsaenh.dll
0x00007ffca7a00000 - 0x00007ffca7a29000 	C:\WINDOWS\SYSTEM32\USERENV.dll
0x00007ffca6f90000 - 0x00007ffca6fbd000 	C:\WINDOWS\SYSTEM32\IPHLPAPI.DLL
0x00007ffca9530000 - 0x00007ffca9539000 	C:\WINDOWS\System32\NSI.dll
0x00007ffca4b40000 - 0x00007ffca4b59000 	C:\WINDOWS\SYSTEM32\dhcpcsvc6.DLL
0x00007ffca4d80000 - 0x00007ffca4d9e000 	C:\WINDOWS\SYSTEM32\dhcpcsvc.DLL
0x00007ffca6fc0000 - 0x00007ffca70a8000 	C:\WINDOWS\SYSTEM32\DNSAPI.dll
0x00007ffc7bdb0000 - 0x00007ffc7bdc2000 	C:\Program Files\Java\jdk1.8.0_241\jre\bin\nio.dll
0x00007ffc9aca0000 - 0x00007ffc9acea000 	C:\Windows\System32\Windows.Internal.Graphics.Display.DisplayColorManagement.dll
0x00007ffca6050000 - 0x00007ffca6271000 	C:\WINDOWS\SYSTEM32\dbghelp.dll

VM Arguments:
jvm_args: -Djava.library.path=C:\Users\zunf1\Documents\GitHub\MC2D\libs\natives -javaagent:C:\Program Files\JetBrains\IntelliJ IDEA Community Edition 2022.1.1\lib\idea_rt.jar=59829:C:\Program Files\JetBrains\IntelliJ IDEA Community Edition 2022.1.1\bin -Dfile.encoding=UTF-8 
java_command: fr.zunf1x.mc2d.Start
java_class_path (initial): C:\Program Files\Java\jdk1.8.0_241\jre\lib\charsets.jar;C:\Program Files\Java\jdk1.8.0_241\jre\lib\deploy.jar;C:\Program Files\Java\jdk1.8.0_241\jre\lib\ext\access-bridge-64.jar;C:\Program Files\Java\jdk1.8.0_241\jre\lib\ext\cldrdata.jar;C:\Program Files\Java\jdk1.8.0_241\jre\lib\ext\dnsns.jar;C:\Program Files\Java\jdk1.8.0_241\jre\lib\ext\jaccess.jar;C:\Program Files\Java\jdk1.8.0_241\jre\lib\ext\jfxrt.jar;C:\Program Files\Java\jdk1.8.0_241\jre\lib\ext\localedata.jar;C:\Program Files\Java\jdk1.8.0_241\jre\lib\ext\nashorn.jar;C:\Program Files\Java\jdk1.8.0_241\jre\lib\ext\sunec.jar;C:\Program Files\Java\jdk1.8.0_241\jre\lib\ext\sunjce_provider.jar;C:\Program Files\Java\jdk1.8.0_241\jre\lib\ext\sunmscapi.jar;C:\Program Files\Java\jdk1.8.0_241\jre\lib\ext\sunpkcs11.jar;C:\Program Files\Java\jdk1.8.0_241\jre\lib\ext\zipfs.jar;C:\Program Files\Java\jdk1.8.0_241\jre\lib\javaws.jar;C:\Program Files\Java\jdk1.8.0_241\jre\lib\jce.jar;C:\Program Files\Java\jdk1.8.0_241\jre\lib\jfr.jar;C:\Program Files\Java\jdk1.8.0_241\jre\lib\jfxswt.jar;C:\Program Files\Java\jdk1.8.0_241\jre\lib\jsse.jar;C:\Program Files\Java\jdk1.8.0_241\jre\lib\management-agent.jar;C:\Program Files\Java\jdk1.8.0_241\jre\lib\plugin.jar;C:\Program Files\Java\jdk1.8.0_241\jre\lib\resources.jar;C:\Program Files\Java\jdk1.8.0_241\jre\lib\rt.jar;C:\Users\zunf1\Documents\GitHub\MC2D\out\production\MC2D;C:\Users\zunf1\Documents\GitHub\MC2D\libs\lwjgl.jar;C:\Users\zunf1\Documents\GitHub\MC2D\libs\lwjgl_util.jar;C:\Users\zunf1\Documents\GitHub\MC2D\assets;C:\Program Files\JetBrains\IntelliJ IDEA Community Edition 2022.1.1\lib\idea_rt.jar
Launcher Type: SUN_STANDARD

Environment Variables:
JAVA_HOME=C:\Program Files\Java\jdk1.8.0_241
PATH=C:\Program Files (x86)\VMware\VMware Player\bin\;C:\Windows\system32;C:\Windows;C:\Windows\System32\Wbem;C:\Windows\System32\WindowsPowerShell\v1.0\;C:\Windows\System32\OpenSSH\;C:\Program Files\Java\jdk-18.0.1.1\bin;C:\Program Files\Microsoft SQL Server\150\Tools\Binn\;C:\Program Files\Microsoft SQL Server\Client SDK\ODBC\170\Tools\Binn\;C:\Program Files\dotnet\;C:\Program Files\Git\cmd;C:\WINDOWS\system32;C:\WINDOWS;C:\WINDOWS\System32\Wbem;C:\WINDOWS\System32\WindowsPowerShell\v1.0\;C:\WINDOWS\System32\OpenSSH\;C:\Users\zunf1\AppData\Local\Programs\Python\Python310\Scripts\;C:\Users\zunf1\AppData\Local\Programs\Python\Python310\;C:\Users\zunf1\AppData\Local\Microsoft\WindowsApps;C:\Program Files\Java\jdk-18.0.1.1\bin;C:\Program Files\JetBrains\IntelliJ IDEA Community Edition 2022.1.1\bin;;C:\Users\zunf1\AppData\Local\Programs\Microsoft VS Code\bin;C:\Users\zunf1\.dotnet\tools;C:\Users\zunf1\AppData\Local\GitHubDesktop\bin;
USERNAME=ZunF1x
OS=Windows_NT
PROCESSOR_IDENTIFIER=Intel64 Family 6 Model 140 Stepping 1, GenuineIntel



---------------  S Y S T E M  ---------------

OS: Windows 10.0 , 64 bit Build 22000 (10.0.22000.708)

CPU:total 4 (initial active 4) (2 cores per cpu, 2 threads per core) family 6 model 140 stepping 1, cmov, cx8, fxsr, mmx, sse, sse2, sse3, ssse3, sse4.1, sse4.2, popcnt, avx, avx2, aes, clmul, erms, 3dnowpref, lzcnt, ht, tsc, tscinvbit, bmi1, bmi2, adx

Memory: 4k page, physical 8170808k(622376k free), swap 16341616k(5308464k free)

vm_info: Java HotSpot(TM) 64-Bit Server VM (25.241-b07) for windows-amd64 JRE (1.8.0_241-b07), built on Dec 11 2019 10:21:40 by "rejava" with MS VC++ 10.0 (VS2010)

time: Thu Oct 27 11:13:00 2022
timezone: Paris, Madrid (heure d’été)
elapsed time: 117 seconds (0d 0h 1m 57s)

